{"level":"info","message":"{\"url\":\"/api/auth/login\",\"body\":{\"email\":\"customer@codiant.com\"},\"query\":{},\"method\":\"POST\",\"hostname\":\"localhost\",\"ip\":\"::1\"}","timestamp":"2018-10-24T06:49:07.081Z"}
{"level":"info","message":"{\"url\":\"/api/auth/login\",\"body\":{\"email\":\"customer@codiant.com\"},\"query\":{},\"method\":\"POST\",\"hostname\":\"localhost\",\"ip\":\"::1\"}","timestamp":"2018-10-24T06:50:15.414Z"}
{"level":"info","message":"{\"url\":\"/api/auth/login\",\"body\":{\"email\":\"customer@codiant.com\"},\"query\":{},\"method\":\"POST\",\"hostname\":\"localhost\",\"ip\":\"::1\"}","timestamp":"2018-10-24T06:50:35.641Z"}
{"level":"info","message":"{\"url\":\"/api/auth/login\",\"body\":{\"email\":\"customer@codiant.com\"},\"query\":{},\"method\":\"POST\",\"hostname\":\"localhost\",\"ip\":\"::1\"}","timestamp":"2018-10-24T06:51:42.592Z"}
{"level":"info","message":"{\"url\":\"/api/auth/login\",\"body\":{\"email\":\"customer@codiant.com\"},\"query\":{},\"method\":\"POST\",\"hostname\":\"localhost\",\"ip\":\"::1\"}","timestamp":"2018-10-24T06:59:17.395Z"}
{"level":"info","message":"{\"url\":\"/api/auth/login\",\"body\":{\"email\":\"customer@codiant.com\"},\"query\":{},\"method\":\"POST\",\"hostname\":\"localhost\",\"ip\":\"::1\"}","timestamp":"2018-10-24T06:59:41.053Z"}
{"level":"info","message":"{\"url\":\"/api/auth/login\",\"body\":{\"email\":\"customer@codiant.com\"},\"query\":{},\"method\":\"POST\",\"hostname\":\"localhost\",\"ip\":\"::1\"}","timestamp":"2018-10-24T07:00:06.698Z"}
{"level":"info","message":"{\"url\":\"/api/auth/login\",\"body\":{\"email\":\"customer@codiant.com\"},\"query\":{},\"method\":\"POST\",\"hostname\":\"localhost\",\"ip\":\"::1\"}","timestamp":"2018-10-24T07:00:30.534Z"}
{"level":"info","message":"{\"url\":\"/api/auth/login\",\"body\":{\"email\":\"customer@codiant.com\"},\"query\":{},\"method\":\"POST\",\"hostname\":\"localhost\",\"ip\":\"::1\"}","timestamp":"2018-10-24T07:01:50.061Z"}
{"level":"info","message":"{\"url\":\"/api/auth/login\",\"body\":{\"email\":\"customer@codiant.com\"},\"query\":{},\"method\":\"POST\",\"hostname\":\"localhost\",\"ip\":\"::1\"}","timestamp":"2018-10-24T07:02:06.126Z"}
{"level":"info","message":"{\"url\":\"/api/auth/login\",\"body\":{\"email\":\"customer@codiant.com\"},\"query\":{},\"method\":\"POST\",\"hostname\":\"localhost\",\"ip\":\"::1\"}","timestamp":"2018-10-24T07:02:38.648Z"}
{"level":"info","message":"{\"url\":\"/api/auth/login\",\"body\":{\"email\":\"customer@codiant.com\"},\"query\":{},\"method\":\"POST\",\"hostname\":\"localhost\",\"ip\":\"::1\"}","timestamp":"2018-10-24T07:02:55.827Z"}
{"level":"info","message":"{\"url\":\"/api/auth/login\",\"body\":{\"email\":\"customer@codiant.com\"},\"query\":{},\"method\":\"POST\",\"hostname\":\"localhost\",\"ip\":\"::1\"}","timestamp":"2018-10-24T07:03:41.153Z"}
{"level":"info","message":"{\"url\":\"/api/auth/login\",\"body\":{\"email\":\"customer@codiant.com\"},\"query\":{},\"method\":\"POST\",\"hostname\":\"localhost\",\"ip\":\"::1\"}","timestamp":"2018-10-24T07:04:00.238Z"}
{"level":"info","message":"{\"url\":\"/api/auth/login\",\"body\":{\"email\":\"customer@codiant.com\"},\"query\":{},\"method\":\"POST\",\"hostname\":\"localhost\",\"ip\":\"::1\"}","timestamp":"2018-10-24T07:07:26.352Z"}
{"level":"info","message":"{\"url\":\"/api/auth/login\",\"body\":{\"email\":\"customer@codiant.com\"},\"query\":{},\"method\":\"POST\",\"hostname\":\"localhost\",\"ip\":\"::1\"}","timestamp":"2018-10-24T07:10:05.376Z"}
{"level":"info","message":"{\"url\":\"/api/auth/login\",\"body\":{\"email\":\"customer@codiant.com\"},\"query\":{},\"method\":\"POST\",\"hostname\":\"localhost\",\"ip\":\"::1\"}","timestamp":"2018-10-24T07:10:33.160Z"}
{"level":"info","message":"{\"url\":\"/api/auth/login\",\"body\":{\"email\":\"customer@codiant.com\"},\"query\":{},\"method\":\"POST\",\"hostname\":\"localhost\",\"ip\":\"::ffff:127.0.0.1\"}","timestamp":"2018-10-24T07:11:20.562Z"}
{"level":"info","message":"{\"url\":\"/api/auth/login\",\"body\":{\"email\":\"customer@codiant.com\"},\"query\":{},\"method\":\"POST\",\"hostname\":\"localhost\",\"ip\":\"::1\"}","timestamp":"2018-10-24T07:28:59.144Z"}
{"level":"info","message":"{\"url\":\"/api/auth/login\",\"body\":{\"email\":\"customer@codiant.com\"},\"query\":{},\"method\":\"POST\",\"hostname\":\"localhost\",\"ip\":\"::1\"}","timestamp":"2018-10-24T07:35:37.701Z"}
{"level":"info","message":"{\"url\":\"/api/auth/login\",\"body\":{\"email\":\"customer@codiant.com\"},\"query\":{},\"method\":\"POST\",\"hostname\":\"localhost\",\"ip\":\"::1\"}","timestamp":"2018-10-24T07:36:54.814Z"}
{"level":"info","message":"{\"url\":\"/api/auth/login\",\"body\":{\"email\":\"customer@codiant.com\"},\"query\":{},\"method\":\"POST\",\"hostname\":\"localhost\",\"ip\":\"::ffff:127.0.0.1\"}","timestamp":"2018-10-24T07:37:18.720Z"}
{"level":"info","message":"{\"url\":\"/api/auth/login\",\"body\":{\"email\":\"customer@codiant.com\"},\"query\":{},\"method\":\"POST\",\"hostname\":\"localhost\",\"ip\":\"::1\"}","timestamp":"2018-10-24T07:37:58.986Z"}
{"level":"info","message":"{\"url\":\"/api/auth/login\",\"body\":{\"email\":\"customer@codiant.com\"},\"query\":{},\"method\":\"POST\",\"hostname\":\"localhost\",\"ip\":\"::1\"}","timestamp":"2018-10-24T07:38:37.545Z"}
{"level":"info","message":"{\"url\":\"/api/auth/login\",\"body\":{\"email\":\"customer@codiant.com\"},\"query\":{},\"method\":\"POST\",\"hostname\":\"localhost\",\"ip\":\"::1\"}","timestamp":"2018-10-24T07:39:29.623Z"}
{"level":"info","message":"{\"url\":\"/api/auth/login\",\"body\":{\"email\":\"customer@codiant.com\"},\"query\":{},\"method\":\"POST\",\"hostname\":\"localhost\",\"ip\":\"::1\"}","timestamp":"2018-10-24T07:40:32.529Z"}
{"level":"info","message":"{\"url\":\"/api/auth/login\",\"body\":{\"email\":\"customer@codiant.com\"},\"query\":{},\"method\":\"POST\",\"hostname\":\"localhost\",\"ip\":\"::1\"}","timestamp":"2018-10-24T07:42:10.368Z"}
{"level":"info","message":"{\"url\":\"/api/auth/login\",\"body\":{\"email\":\"customer@codiant.com\"},\"query\":{},\"method\":\"POST\",\"hostname\":\"localhost\",\"ip\":\"::1\"}","timestamp":"2018-10-24T07:42:32.086Z"}
{"level":"info","message":"{\"url\":\"/api/auth/login\",\"body\":{\"email\":\"customer@codiant.com\"},\"query\":{},\"method\":\"POST\",\"hostname\":\"localhost\",\"ip\":\"::1\"}","timestamp":"2018-10-24T07:43:55.948Z"}
{"level":"info","message":"{\"url\":\"/api/auth/login\",\"body\":{\"email\":\"customer@codiant.com\"},\"query\":{},\"method\":\"POST\",\"hostname\":\"localhost\",\"ip\":\"::1\"}","timestamp":"2018-10-24T07:44:40.172Z"}
{"level":"info","message":"{\"url\":\"/api/auth/login\",\"body\":{\"email\":\"customer@codiant.com\"},\"query\":{},\"method\":\"POST\",\"hostname\":\"localhost\",\"ip\":\"::1\"}","timestamp":"2018-10-24T07:46:02.934Z"}
{"level":"info","message":"{\"url\":\"/api/auth/login\",\"body\":{\"email\":\"customer@codiant.com\"},\"query\":{},\"method\":\"POST\",\"hostname\":\"localhost\",\"ip\":\"::1\"}","timestamp":"2018-10-24T07:53:04.482Z"}
{"level":"info","message":"{\"url\":\"/api/auth/login\",\"body\":{\"email\":\"customer@codiant.com\"},\"query\":{},\"method\":\"POST\",\"hostname\":\"localhost\",\"ip\":\"::1\"}","timestamp":"2018-10-24T07:53:13.849Z"}
{"level":"info","message":"{\"url\":\"/api/auth/login\",\"body\":{\"email\":\"customer@codiant.com\"},\"query\":{},\"method\":\"POST\",\"hostname\":\"localhost\",\"ip\":\"::1\"}","timestamp":"2018-10-24T07:53:44.098Z"}
{"level":"info","message":"{\"url\":\"/api/auth/login\",\"body\":{\"email\":\"customer@codiant.com\"},\"query\":{},\"method\":\"POST\",\"hostname\":\"localhost\",\"ip\":\"::1\"}","timestamp":"2018-10-24T07:55:04.878Z"}
{"level":"info","message":"{\"url\":\"/api/auth/login\",\"body\":{\"email\":\"admin@amrek.com\"},\"query\":{},\"method\":\"POST\",\"hostname\":\"localhost\",\"ip\":\"::1\"}","timestamp":"2018-10-24T07:55:42.773Z"}
{"level":"info","message":"{\"url\":\"/api/auth/login\",\"body\":{\"email\":\"admin@amrek.com\"},\"query\":{},\"method\":\"POST\",\"hostname\":\"localhost\",\"ip\":\"::1\"}","timestamp":"2018-10-24T07:55:53.629Z"}
{"level":"info","message":"{\"url\":\"/api/auth/login\",\"body\":{\"email\":\"admin@amrek.com\"},\"query\":{},\"method\":\"POST\",\"hostname\":\"localhost\",\"ip\":\"::1\"}","timestamp":"2018-10-24T07:57:10.913Z"}
{"level":"info","message":"{\"url\":\"/api/auth/login\",\"body\":{\"email\":\"customer@codiant.com\"},\"query\":{},\"method\":\"POST\",\"hostname\":\"localhost\",\"ip\":\"::1\"}","timestamp":"2018-10-24T07:57:38.141Z"}
{"level":"info","message":"{\"url\":\"/api/auth/login\",\"body\":{\"email\":\"customer@codiant.com\"},\"query\":{},\"method\":\"POST\",\"hostname\":\"localhost\",\"ip\":\"::1\"}","timestamp":"2018-10-24T07:59:31.976Z"}
{"level":"info","message":"{\"url\":\"/api/auth/login\",\"body\":{\"email\":\"customer@codiant.com\"},\"query\":{},\"method\":\"POST\",\"hostname\":\"localhost\",\"ip\":\"::1\"}","timestamp":"2018-10-24T08:02:13.289Z"}
{"level":"info","message":"{\"url\":\"/api/auth/login\",\"body\":{\"email\":\"customer@codiant.com\"},\"query\":{},\"method\":\"POST\",\"hostname\":\"localhost\",\"ip\":\"::1\"}","timestamp":"2018-10-24T08:04:28.632Z"}
{"level":"info","message":"{\"url\":\"/api/auth/login\",\"body\":{\"email\":\"customer@codiant.com\"},\"query\":{},\"method\":\"POST\",\"hostname\":\"localhost\",\"ip\":\"::1\"}","timestamp":"2018-10-24T08:05:19.114Z"}
{"level":"info","message":"{\"url\":\"/api/auth/login\",\"body\":{\"email\":\"customer@codiant.com\"},\"query\":{},\"method\":\"POST\",\"hostname\":\"localhost\",\"ip\":\"::1\"}","timestamp":"2018-10-24T08:08:41.049Z"}
{"level":"info","message":"{\"url\":\"/api/auth/login\",\"body\":{\"email\":\"customer@codiant.com\"},\"query\":{},\"method\":\"POST\",\"hostname\":\"localhost\",\"ip\":\"::1\"}","timestamp":"2018-10-24T08:10:32.321Z"}
{"level":"info","message":"{\"url\":\"/api/auth/login\",\"body\":{\"email\":\"customer@codiant.com\"},\"query\":{},\"method\":\"POST\",\"hostname\":\"localhost\",\"ip\":\"::1\"}","timestamp":"2018-10-24T08:19:44.570Z"}
{"level":"info","message":"{\"url\":\"/api/auth/login\",\"body\":{\"email\":\"customer@codiant.com\"},\"query\":{},\"method\":\"POST\",\"hostname\":\"localhost\",\"ip\":\"::1\"}","timestamp":"2018-10-24T08:21:03.039Z"}
{"level":"info","message":"{\"url\":\"/api/auth/login\",\"body\":{\"email\":\"customer@codiant.com\"},\"query\":{},\"method\":\"POST\",\"hostname\":\"localhost\",\"ip\":\"::1\"}","timestamp":"2018-10-24T08:21:52.505Z"}
{"level":"info","message":"{\"url\":\"/api/auth/login\",\"body\":{\"email\":\"customer@codiant.com\"},\"query\":{},\"method\":\"POST\",\"hostname\":\"localhost\",\"ip\":\"::1\"}","timestamp":"2018-10-24T08:22:19.668Z"}
{"level":"info","message":"{\"url\":\"/api/auth/login\",\"body\":{\"email\":\"customer@codiant.com\"},\"query\":{},\"method\":\"POST\",\"hostname\":\"localhost\",\"ip\":\"::1\"}","timestamp":"2018-10-24T08:40:34.162Z"}
{"level":"info","message":"{\"url\":\"/api/auth/login\",\"body\":{\"email\":\"customer@codiant.com\"},\"query\":{},\"method\":\"POST\",\"hostname\":\"localhost\",\"ip\":\"::1\"}","timestamp":"2018-10-24T08:41:40.560Z"}
{"level":"info","message":"{\"url\":\"/api/auth/login\",\"body\":{\"email\":\"customer@codiant.com\"},\"query\":{},\"method\":\"POST\",\"hostname\":\"localhost\",\"ip\":\"::1\"}","timestamp":"2018-10-24T08:41:46.926Z"}
{"level":"info","message":"{\"url\":\"/api/auth/login\",\"body\":{\"email\":\"customer@codiant.com\"},\"query\":{},\"method\":\"POST\",\"hostname\":\"localhost\",\"ip\":\"::1\"}","timestamp":"2018-10-24T08:42:00.110Z"}
{"level":"info","message":"{\"url\":\"/api/auth/login\",\"body\":{\"email\":\"918770713906\"},\"query\":{},\"method\":\"POST\",\"hostname\":\"localhost\",\"ip\":\"::ffff:127.0.0.1\"}","timestamp":"2018-10-24T08:43:12.305Z"}
{"level":"info","message":"{\"url\":\"/api/auth/login\",\"body\":{\"email\":\"customer@codiant.com\"},\"query\":{},\"method\":\"POST\",\"hostname\":\"localhost\",\"ip\":\"::1\"}","timestamp":"2018-10-24T08:43:37.325Z"}
{"level":"info","message":"{\"url\":\"/api/auth/login\",\"body\":{\"email\":\"customer@codiant.com\"},\"query\":{},\"method\":\"POST\",\"hostname\":\"localhost\",\"ip\":\"::1\"}","timestamp":"2018-10-24T08:59:50.377Z"}
{"level":"info","message":"{\"url\":\"/api/auth/login\",\"body\":{\"email\":\"customer@codiant.com\"},\"query\":{},\"method\":\"POST\",\"hostname\":\"localhost\",\"ip\":\"::1\"}","timestamp":"2018-10-24T09:38:55.843Z"}
{"level":"info","message":"{\"url\":\"/api/auth/login\",\"body\":{\"email\":\"customer@codiant.com\"},\"query\":{},\"method\":\"POST\",\"hostname\":\"localhost\",\"ip\":\"::1\"}","timestamp":"2018-10-24T09:39:06.657Z"}
{"level":"info","message":"{\"url\":\"/api/auth/login\",\"body\":{\"email\":\"customer@codiant.com\"},\"query\":{},\"method\":\"POST\",\"hostname\":\"localhost\",\"ip\":\"::1\"}","timestamp":"2018-10-24T09:40:03.535Z"}
{"level":"info","message":"{\"url\":\"/api/auth/login\",\"body\":{\"email\":\"customer@codiant.com\"},\"query\":{},\"method\":\"POST\",\"hostname\":\"localhost\",\"ip\":\"::1\"}","timestamp":"2018-10-24T11:11:25.931Z"}
{"level":"info","message":"{\"url\":\"/api/auth/login\",\"body\":{\"email\":\"customer@codiant.com\"},\"query\":{},\"method\":\"POST\",\"hostname\":\"localhost\",\"ip\":\"::1\"}","timestamp":"2018-10-24T11:14:46.346Z"}
{"level":"info","message":"{\"url\":\"/api/auth/login\",\"body\":{\"email\":\"customer@codiant.com\"},\"query\":{},\"method\":\"POST\",\"hostname\":\"localhost\",\"ip\":\"::ffff:127.0.0.1\"}","timestamp":"2018-10-24T11:19:15.607Z"}
{"level":"info","message":"{\"url\":\"/api/auth/login\",\"body\":{\"email\":\"customer@codiant.com\"},\"query\":{},\"method\":\"POST\",\"hostname\":\"localhost\",\"ip\":\"::1\"}","timestamp":"2018-10-24T11:21:08.868Z"}
{"level":"info","message":"{\"url\":\"/api/auth/login\",\"body\":{\"email\":\"customer@codiant.com\"},\"query\":{},\"method\":\"POST\",\"hostname\":\"localhost\",\"ip\":\"::1\"}","timestamp":"2018-10-24T11:22:16.598Z"}
{"level":"info","message":"{\"url\":\"/api/auth/login\",\"body\":{\"email\":\"customer@codiant.com\"},\"query\":{},\"method\":\"POST\",\"hostname\":\"localhost\",\"ip\":\"::1\"}","timestamp":"2018-10-24T11:22:26.409Z"}
{"level":"info","message":"{\"url\":\"/api/auth/login\",\"body\":{\"email\":\"customer@codiant.com\"},\"query\":{},\"method\":\"POST\",\"hostname\":\"localhost\",\"ip\":\"::1\"}","timestamp":"2018-10-24T11:22:56.441Z"}
{"level":"info","message":"{\"url\":\"/api/auth/login\",\"body\":{\"email\":\"customer@codiant.com\"},\"query\":{},\"method\":\"POST\",\"hostname\":\"localhost\",\"ip\":\"::ffff:127.0.0.1\"}","timestamp":"2018-10-24T11:23:44.655Z"}
{"level":"info","message":"{\"url\":\"/api/auth/login\",\"body\":{\"email\":\"customer@codiant.com\"},\"query\":{},\"method\":\"POST\",\"hostname\":\"localhost\",\"ip\":\"::1\"}","timestamp":"2018-10-24T11:24:55.532Z"}
{"level":"info","message":"{\"url\":\"/api/auth/login\",\"body\":{\"email\":\"customer@codiant.com\"},\"query\":{},\"method\":\"POST\",\"hostname\":\"localhost\",\"ip\":\"::1\"}","timestamp":"2018-10-24T11:26:11.688Z"}
{"level":"info","message":"{\"url\":\"/api/auth/login\",\"body\":{\"email\":\"customer@codiant.com\"},\"query\":{},\"method\":\"POST\",\"hostname\":\"localhost\",\"ip\":\"::1\"}","timestamp":"2018-10-24T11:27:02.723Z"}
{"level":"info","message":"{\"url\":\"/api/auth/login\",\"body\":{\"email\":\"customer@codiant.com\"},\"query\":{},\"method\":\"POST\",\"hostname\":\"localhost\",\"ip\":\"::1\"}","timestamp":"2018-10-24T11:31:14.783Z"}
{"level":"info","message":"{\"url\":\"/api/auth/login\",\"body\":{\"email\":\"customer@codiant.com\"},\"query\":{},\"method\":\"POST\",\"hostname\":\"localhost\",\"ip\":\"::1\"}","timestamp":"2018-10-24T11:32:10.454Z"}
{"level":"info","message":"{\"url\":\"/api/auth/login\",\"body\":{\"email\":\"customer@codiant.com\"},\"query\":{},\"method\":\"POST\",\"hostname\":\"localhost\",\"ip\":\"::1\"}","timestamp":"2018-10-24T11:32:30.476Z"}
{"level":"info","message":"{\"url\":\"/api/auth/login\",\"body\":{\"email\":\"customer@codiant.com\"},\"query\":{},\"method\":\"POST\",\"hostname\":\"localhost\",\"ip\":\"::1\"}","timestamp":"2018-10-24T11:33:05.404Z"}
{"level":"info","message":"{\"url\":\"/api/auth/login\",\"body\":{\"email\":\"customer@codiant.com\"},\"query\":{},\"method\":\"POST\",\"hostname\":\"localhost\",\"ip\":\"::1\"}","timestamp":"2018-10-24T11:35:00.463Z"}
{"level":"info","message":"{\"url\":\"/api/auth/login\",\"body\":{\"email\":\"customer@codiant.com\"},\"query\":{},\"method\":\"POST\",\"hostname\":\"localhost\",\"ip\":\"::1\"}","timestamp":"2018-10-24T11:37:18.837Z"}
{"level":"info","message":"{\"url\":\"/api/auth/logout\",\"body\":{},\"query\":{},\"method\":\"POST\",\"hostname\":\"localhost\",\"ip\":\"::1\"}","timestamp":"2018-10-24T11:37:37.133Z"}
{"level":"info","message":"{\"url\":\"/api/auth/logout\",\"body\":{},\"query\":{},\"method\":\"POST\",\"hostname\":\"localhost\",\"ip\":\"::1\"}","timestamp":"2018-10-24T11:38:54.268Z"}
{"level":"info","message":"{\"url\":\"/api/auth/logout\",\"body\":{},\"query\":{},\"method\":\"POST\",\"hostname\":\"localhost\",\"ip\":\"::ffff:127.0.0.1\"}","timestamp":"2018-10-24T11:39:55.485Z"}
{"level":"info","message":"{\"url\":\"/api/auth/logout\",\"body\":{},\"query\":{},\"method\":\"POST\",\"hostname\":\"localhost\",\"ip\":\"::1\"}","timestamp":"2018-10-24T11:40:58.537Z"}
{"level":"info","message":"{\"url\":\"/api/auth/logout\",\"body\":{},\"query\":{},\"method\":\"POST\",\"hostname\":\"localhost\",\"ip\":\"::1\"}","timestamp":"2018-10-24T11:41:05.557Z"}
{"level":"info","message":"{\"url\":\"/api/auth/logout\",\"body\":{},\"query\":{},\"method\":\"POST\",\"hostname\":\"localhost\",\"ip\":\"::1\"}","timestamp":"2018-10-24T12:10:25.010Z"}
