{"level":"info","message":"Executing (default): SELECT 1+1 AS result","timestamp":"2018-10-24T06:50:32.690Z"}
{"level":"info","message":"Database connected successfully","timestamp":"2018-10-24T06:50:32.694Z"}
{"level":"info","message":"Database sync successfully","timestamp":"2018-10-24T06:50:33.282Z"}
{"level":"info","message":"Executing (default): SELECT `id`, `email`, `password`, `verify_token`, `user_type`, `status`, `can_user_login`, `created_at`, `updated_at` FROM `users` AS `user` WHERE `user`.`user_type` = 'super_admin' LIMIT 1;","timestamp":"2018-10-24T06:50:33.288Z"}
{"level":"info","message":"Executing (default): INSERT INTO `users` (`id`,`email`,`password`,`user_type`,`status`,`can_user_login`,`created_at`,`updated_at`) VALUES (DEFAULT,'admin@domain.com','$2a$10$7067DZl/b80oyONVu9PtQe3dg5hhBbQzwtAqQJM7wJaFzR/xjV1b6','super_admin','active',true,'2018-10-24 06:50:33','2018-10-24 06:50:33');","timestamp":"2018-10-24T06:50:33.296Z"}
{"level":"info","message":"Executing (default): SELECT `user`.`id`, `user`.`email`, `user`.`password`, `user`.`verify_token`, `user`.`user_type`, `user`.`status`, `user`.`can_user_login`, `user`.`created_at`, `user`.`updated_at`, `user_token`.`id` AS `user_token.id`, `user_token`.`access_token` AS `user_token.access_token`, `user_token`.`device_id` AS `user_token.device_id`, `user_token`.`device_type` AS `user_token.device_type`, `user_token`.`created_at` AS `user_token.created_at`, `user_token`.`updated_at` AS `user_token.updated_at`, `user_token`.`user_id` AS `user_token.user_id` FROM `users` AS `user` LEFT OUTER JOIN `user_tokens` AS `user_token` ON `user`.`id` = `user_token`.`user_id` WHERE `user`.`email` = 'customer@codiant.com' AND `user`.`status` = 'active' LIMIT 1;","timestamp":"2018-10-24T06:50:35.663Z"}
{"level":"info","message":"Executing (default): SELECT `user`.`id`, `user`.`email`, `user`.`password`, `user`.`verify_token`, `user`.`user_type`, `user`.`status`, `user`.`can_user_login`, `user`.`created_at`, `user`.`updated_at`, `user_token`.`id` AS `user_token.id`, `user_token`.`access_token` AS `user_token.access_token`, `user_token`.`device_id` AS `user_token.device_id`, `user_token`.`device_type` AS `user_token.device_type`, `user_token`.`created_at` AS `user_token.created_at`, `user_token`.`updated_at` AS `user_token.updated_at`, `user_token`.`user_id` AS `user_token.user_id` FROM `users` AS `user` LEFT OUTER JOIN `user_tokens` AS `user_token` ON `user`.`id` = `user_token`.`user_id` WHERE `user`.`email` = 'customer@codiant.com' AND `user`.`status` = 'active' LIMIT 1;","timestamp":"2018-10-24T06:51:42.619Z"}
{"level":"info","message":"Executing (default): SELECT `user`.`id`, `user`.`email`, `user`.`password`, `user`.`verify_token`, `user`.`user_type`, `user`.`status`, `user`.`can_user_login`, `user`.`created_at`, `user`.`updated_at`, `user_token`.`id` AS `user_token.id`, `user_token`.`access_token` AS `user_token.access_token`, `user_token`.`device_id` AS `user_token.device_id`, `user_token`.`device_type` AS `user_token.device_type`, `user_token`.`created_at` AS `user_token.created_at`, `user_token`.`updated_at` AS `user_token.updated_at`, `user_token`.`user_id` AS `user_token.user_id` FROM `users` AS `user` LEFT OUTER JOIN `user_tokens` AS `user_token` ON `user`.`id` = `user_token`.`user_id` WHERE `user`.`email` = 'customer@codiant.com' AND `user`.`status` = 'active' LIMIT 1;","timestamp":"2018-10-24T06:59:17.400Z"}
{"level":"info","message":"Executing (default): SELECT 1+1 AS result","timestamp":"2018-10-24T06:59:30.230Z"}
{"level":"info","message":"Database connected successfully","timestamp":"2018-10-24T06:59:30.233Z"}
{"level":"info","message":"Database sync successfully","timestamp":"2018-10-24T06:59:30.246Z"}
{"level":"info","message":"Executing (default): SELECT `id`, `email`, `password`, `verify_token`, `user_type`, `status`, `can_user_login`, `created_at`, `updated_at` FROM `users` AS `user` WHERE `user`.`user_type` = 'super_admin' LIMIT 1;","timestamp":"2018-10-24T06:59:30.251Z"}
{"level":"info","message":"Executing (default): INSERT INTO `users` (`id`,`email`,`password`,`user_type`,`status`,`can_user_login`,`created_at`,`updated_at`) VALUES (DEFAULT,'admin@domain.com','$2a$10$7067DZl/b80oyONVu9PtQe3dg5hhBbQzwtAqQJM7wJaFzR/xjV1b6','super_admin','active',true,'2018-10-24 06:59:30','2018-10-24 06:59:30');","timestamp":"2018-10-24T06:59:30.259Z"}
{"level":"info","message":"Executing (default): SELECT `user`.`id`, `user`.`email`, `user`.`password`, `user`.`verify_token`, `user`.`user_type`, `user`.`status`, `user`.`can_user_login`, `user`.`created_at`, `user`.`updated_at`, `user_token`.`id` AS `user_token.id`, `user_token`.`access_token` AS `user_token.access_token`, `user_token`.`device_id` AS `user_token.device_id`, `user_token`.`device_type` AS `user_token.device_type`, `user_token`.`created_at` AS `user_token.created_at`, `user_token`.`updated_at` AS `user_token.updated_at`, `user_token`.`user_id` AS `user_token.user_id` FROM `users` AS `user` LEFT OUTER JOIN `user_tokens` AS `user_token` ON `user`.`id` = `user_token`.`user_id` WHERE `user`.`email` = 'customer@codiant.com' AND `user`.`status` = 'active' LIMIT 1;","timestamp":"2018-10-24T06:59:41.076Z"}
{"level":"info","message":"Executing (default): SELECT `user`.`id`, `user`.`email`, `user`.`password`, `user`.`verify_token`, `user`.`user_type`, `user`.`status`, `user`.`can_user_login`, `user`.`created_at`, `user`.`updated_at`, `user_token`.`id` AS `user_token.id`, `user_token`.`access_token` AS `user_token.access_token`, `user_token`.`device_id` AS `user_token.device_id`, `user_token`.`device_type` AS `user_token.device_type`, `user_token`.`created_at` AS `user_token.created_at`, `user_token`.`updated_at` AS `user_token.updated_at`, `user_token`.`user_id` AS `user_token.user_id` FROM `users` AS `user` LEFT OUTER JOIN `user_tokens` AS `user_token` ON `user`.`id` = `user_token`.`user_id` WHERE `user`.`email` = 'customer@codiant.com' AND `user`.`status` = 'active' LIMIT 1;","timestamp":"2018-10-24T07:00:06.719Z"}
{"level":"info","message":"Executing (default): SELECT `user`.`id`, `user`.`email`, `user`.`password`, `user`.`verify_token`, `user`.`user_type`, `user`.`status`, `user`.`can_user_login`, `user`.`created_at`, `user`.`updated_at`, `user_token`.`id` AS `user_token.id`, `user_token`.`access_token` AS `user_token.access_token`, `user_token`.`device_id` AS `user_token.device_id`, `user_token`.`device_type` AS `user_token.device_type`, `user_token`.`created_at` AS `user_token.created_at`, `user_token`.`updated_at` AS `user_token.updated_at`, `user_token`.`user_id` AS `user_token.user_id` FROM `users` AS `user` LEFT OUTER JOIN `user_tokens` AS `user_token` ON `user`.`id` = `user_token`.`user_id` WHERE `user`.`email` = 'customer@codiant.com' AND `user`.`status` = 'active' LIMIT 1;","timestamp":"2018-10-24T07:00:30.539Z"}
{"level":"info","message":"Executing (default): SELECT `user`.`id`, `user`.`email`, `user`.`password`, `user`.`verify_token`, `user`.`user_type`, `user`.`status`, `user`.`can_user_login`, `user`.`created_at`, `user`.`updated_at`, `user_token`.`id` AS `user_token.id`, `user_token`.`access_token` AS `user_token.access_token`, `user_token`.`device_id` AS `user_token.device_id`, `user_token`.`device_type` AS `user_token.device_type`, `user_token`.`created_at` AS `user_token.created_at`, `user_token`.`updated_at` AS `user_token.updated_at`, `user_token`.`user_id` AS `user_token.user_id` FROM `users` AS `user` LEFT OUTER JOIN `user_tokens` AS `user_token` ON `user`.`id` = `user_token`.`user_id` WHERE `user`.`email` = 'customer@codiant.com' AND `user`.`status` = 'active' LIMIT 1;","timestamp":"2018-10-24T07:01:50.068Z"}
{"level":"info","message":"Executing (default): SELECT 1+1 AS result","timestamp":"2018-10-24T07:02:04.265Z"}
{"level":"info","message":"Database connected successfully","timestamp":"2018-10-24T07:02:04.269Z"}
{"level":"info","message":"Database sync successfully","timestamp":"2018-10-24T07:02:04.285Z"}
{"level":"info","message":"Executing (default): SELECT `id`, `email`, `password`, `verify_token`, `user_type`, `status`, `can_user_login`, `created_at`, `updated_at` FROM `users` AS `user` WHERE `user`.`user_type` = 'super_admin' LIMIT 1;","timestamp":"2018-10-24T07:02:04.291Z"}
{"level":"info","message":"Executing (default): INSERT INTO `users` (`id`,`email`,`password`,`user_type`,`status`,`can_user_login`,`created_at`,`updated_at`) VALUES (DEFAULT,'admin@domain.com','$2a$10$7067DZl/b80oyONVu9PtQe3dg5hhBbQzwtAqQJM7wJaFzR/xjV1b6','super_admin','active',true,'2018-10-24 07:02:04','2018-10-24 07:02:04');","timestamp":"2018-10-24T07:02:04.301Z"}
{"level":"info","message":"Executing (default): SELECT `id`, `email`, `password`, `verify_token`, `user_type`, `status`, `can_user_login`, `created_at`, `updated_at` FROM `users` AS `user` WHERE `user`.`email` = 'customer@codiant.com' AND `user`.`status` = 'active' LIMIT 1;","timestamp":"2018-10-24T07:02:06.147Z"}
{"level":"info","message":"Executing (default): SELECT `id`, `email`, `password`, `verify_token`, `user_type`, `status`, `can_user_login`, `created_at`, `updated_at` FROM `users` AS `user` WHERE `user`.`email` = 'customer@codiant.com' AND `user`.`status` = 'active' LIMIT 1;","timestamp":"2018-10-24T07:02:38.670Z"}
{"level":"info","message":"Executing (default): SELECT 1+1 AS result","timestamp":"2018-10-24T07:02:55.352Z"}
{"level":"info","message":"Database connected successfully","timestamp":"2018-10-24T07:02:55.355Z"}
{"level":"info","message":"Database sync successfully","timestamp":"2018-10-24T07:02:55.372Z"}
{"level":"info","message":"Executing (default): SELECT `id`, `email`, `password`, `verify_token`, `user_type`, `status`, `can_user_login`, `created_at`, `updated_at` FROM `users` AS `user` WHERE `user`.`user_type` = 'super_admin' LIMIT 1;","timestamp":"2018-10-24T07:02:55.377Z"}
{"level":"info","message":"Executing (default): INSERT INTO `users` (`id`,`email`,`password`,`user_type`,`status`,`can_user_login`,`created_at`,`updated_at`) VALUES (DEFAULT,'admin@domain.com','$2a$10$7067DZl/b80oyONVu9PtQe3dg5hhBbQzwtAqQJM7wJaFzR/xjV1b6','super_admin','active',true,'2018-10-24 07:02:55','2018-10-24 07:02:55');","timestamp":"2018-10-24T07:02:55.387Z"}
{"level":"info","message":"Executing (default): SELECT `id`, `email`, `password`, `verify_token`, `user_type`, `status`, `can_user_login`, `created_at`, `updated_at` FROM `users` AS `user` WHERE `user`.`email` = 'customer@codiant.com' AND `user`.`status` = 'active' LIMIT 1;","timestamp":"2018-10-24T07:02:55.855Z"}
{"level":"info","message":"Executing (default): SELECT `id`, `email`, `password`, `verify_token`, `user_type`, `status`, `can_user_login`, `created_at`, `updated_at` FROM `users` AS `user` WHERE `user`.`email` = 'customer@codiant.com' AND `user`.`status` = 'active' LIMIT 1;","timestamp":"2018-10-24T07:03:41.182Z"}
{"level":"info","message":"Executing (default): SELECT 1+1 AS result","timestamp":"2018-10-24T07:03:55.636Z"}
{"level":"info","message":"Database connected successfully","timestamp":"2018-10-24T07:03:55.641Z"}
{"level":"info","message":"Database sync successfully","timestamp":"2018-10-24T07:03:55.661Z"}
{"level":"info","message":"Executing (default): SELECT `id`, `email`, `password`, `verify_token`, `user_type`, `status`, `can_user_login`, `created_at`, `updated_at` FROM `users` AS `user` WHERE `user`.`user_type` = 'super_admin' LIMIT 1;","timestamp":"2018-10-24T07:03:55.668Z"}
{"level":"info","message":"Executing (default): INSERT INTO `users` (`id`,`email`,`password`,`user_type`,`status`,`can_user_login`,`created_at`,`updated_at`) VALUES (DEFAULT,'admin@domain.com','$2a$10$7067DZl/b80oyONVu9PtQe3dg5hhBbQzwtAqQJM7wJaFzR/xjV1b6','super_admin','active',true,'2018-10-24 07:03:55','2018-10-24 07:03:55');","timestamp":"2018-10-24T07:03:55.680Z"}
{"level":"info","message":"Executing (default): SELECT `id`, `email`, `password`, `verify_token`, `user_type`, `status`, `can_user_login`, `created_at`, `updated_at` FROM `users` AS `user` WHERE `user`.`email` = 'customer@codiant.com' AND `user`.`status` = 'active' LIMIT 1;","timestamp":"2018-10-24T07:04:00.258Z"}
{"level":"info","message":"Executing (default): SELECT 1+1 AS result","timestamp":"2018-10-24T07:07:18.908Z"}
{"level":"info","message":"Database connected successfully","timestamp":"2018-10-24T07:07:18.908Z"}
{"level":"info","message":"Database sync successfully","timestamp":"2018-10-24T07:07:18.924Z"}
{"level":"info","message":"Executing (default): SELECT `id`, `email`, `password`, `verify_token`, `user_type`, `status`, `can_user_login`, `created_at`, `updated_at` FROM `users` AS `user` WHERE `user`.`user_type` = 'super_admin' LIMIT 1;","timestamp":"2018-10-24T07:07:18.939Z"}
{"level":"info","message":"Executing (default): INSERT INTO `users` (`id`,`email`,`password`,`user_type`,`status`,`can_user_login`,`created_at`,`updated_at`) VALUES (DEFAULT,'admin@domain.com','$2a$10$7067DZl/b80oyONVu9PtQe3dg5hhBbQzwtAqQJM7wJaFzR/xjV1b6','super_admin','active',true,'2018-10-24 07:07:18','2018-10-24 07:07:18');","timestamp":"2018-10-24T07:07:18.939Z"}
{"level":"info","message":"Executing (default): SELECT `id`, `email`, `password`, `verify_token`, `user_type`, `status`, `can_user_login`, `created_at`, `updated_at` FROM `users` AS `user` WHERE `user`.`email` = 'customer@codiant.com' AND `user`.`status` = 'active' LIMIT 1;","timestamp":"2018-10-24T07:07:26.383Z"}
{"level":"info","message":"Executing (default): SELECT 1+1 AS result","timestamp":"2018-10-24T07:09:16.181Z"}
{"level":"info","message":"Database connected successfully","timestamp":"2018-10-24T07:09:16.181Z"}
{"level":"info","message":"Database sync successfully","timestamp":"2018-10-24T07:09:16.196Z"}
{"level":"info","message":"Executing (default): SELECT `id`, `email`, `password`, `verify_token`, `user_type`, `status`, `can_user_login`, `created_at`, `updated_at` FROM `users` AS `user` WHERE `user`.`user_type` = 'super_admin' LIMIT 1;","timestamp":"2018-10-24T07:09:16.196Z"}
{"level":"info","message":"Executing (default): INSERT INTO `users` (`id`,`email`,`password`,`user_type`,`status`,`can_user_login`,`created_at`,`updated_at`) VALUES (DEFAULT,'admin@domain.com','$2a$10$7067DZl/b80oyONVu9PtQe3dg5hhBbQzwtAqQJM7wJaFzR/xjV1b6','super_admin','active',true,'2018-10-24 07:09:16','2018-10-24 07:09:16');","timestamp":"2018-10-24T07:09:16.212Z"}
{"level":"info","message":"Executing (default): SELECT 1+1 AS result","timestamp":"2018-10-24T07:09:24.474Z"}
{"level":"info","message":"Database connected successfully","timestamp":"2018-10-24T07:09:24.490Z"}
{"level":"info","message":"Database sync successfully","timestamp":"2018-10-24T07:09:24.490Z"}
{"level":"info","message":"Executing (default): SELECT `id`, `email`, `password`, `verify_token`, `user_type`, `status`, `can_user_login`, `created_at`, `updated_at` FROM `users` AS `user` WHERE `user`.`user_type` = 'super_admin' LIMIT 1;","timestamp":"2018-10-24T07:09:24.506Z"}
{"level":"info","message":"Executing (default): INSERT INTO `users` (`id`,`email`,`password`,`user_type`,`status`,`can_user_login`,`created_at`,`updated_at`) VALUES (DEFAULT,'admin@domain.com','$2a$10$7067DZl/b80oyONVu9PtQe3dg5hhBbQzwtAqQJM7wJaFzR/xjV1b6','super_admin','active',true,'2018-10-24 07:09:24','2018-10-24 07:09:24');","timestamp":"2018-10-24T07:09:24.506Z"}
{"level":"info","message":"Executing (default): SELECT 1+1 AS result","timestamp":"2018-10-24T07:09:41.957Z"}
{"level":"info","message":"Database connected successfully","timestamp":"2018-10-24T07:09:41.959Z"}
{"level":"info","message":"Database sync successfully","timestamp":"2018-10-24T07:09:41.959Z"}
{"level":"info","message":"Executing (default): SELECT `id`, `email`, `password`, `verify_token`, `user_type`, `status`, `can_user_login`, `created_at`, `updated_at` FROM `users` AS `user` WHERE `user`.`user_type` = 'super_admin' LIMIT 1;","timestamp":"2018-10-24T07:09:41.974Z"}
{"level":"info","message":"Executing (default): INSERT INTO `users` (`id`,`email`,`password`,`user_type`,`status`,`can_user_login`,`created_at`,`updated_at`) VALUES (DEFAULT,'admin@domain.com','$2a$10$7067DZl/b80oyONVu9PtQe3dg5hhBbQzwtAqQJM7wJaFzR/xjV1b6','super_admin','active',true,'2018-10-24 07:09:41','2018-10-24 07:09:41');","timestamp":"2018-10-24T07:09:41.974Z"}
{"level":"info","message":"Executing (default): SELECT `id`, `email`, `password`, `verify_token`, `user_type`, `status`, `can_user_login`, `created_at`, `updated_at` FROM `users` AS `user` WHERE `user`.`email` = 'customer@codiant.com' AND `user`.`status` = 'active' LIMIT 1;","timestamp":"2018-10-24T07:10:05.401Z"}
{"level":"info","message":"Executing (default): SELECT 1+1 AS result","timestamp":"2018-10-24T07:10:33.252Z"}
{"level":"info","message":"Executing (default): SELECT `id`, `email`, `password`, `verify_token`, `user_type`, `status`, `can_user_login`, `created_at`, `updated_at` FROM `users` AS `user` WHERE `user`.`email` = 'customer@codiant.com' AND `user`.`status` = 'active' LIMIT 1;","timestamp":"2018-10-24T07:10:33.254Z"}
{"level":"info","message":"Database connected successfully","timestamp":"2018-10-24T07:10:33.258Z"}
{"level":"info","message":"Database sync successfully","timestamp":"2018-10-24T07:10:33.308Z"}
{"level":"info","message":"Executing (default): SELECT `id`, `email`, `password`, `verify_token`, `user_type`, `status`, `can_user_login`, `created_at`, `updated_at` FROM `users` AS `user` WHERE `user`.`user_type` = 'super_admin' LIMIT 1;","timestamp":"2018-10-24T07:10:33.310Z"}
{"level":"info","message":"Executing (default): INSERT INTO `users` (`id`,`email`,`password`,`user_type`,`status`,`can_user_login`,`created_at`,`updated_at`) VALUES (DEFAULT,'admin@domain.com','$2a$10$7067DZl/b80oyONVu9PtQe3dg5hhBbQzwtAqQJM7wJaFzR/xjV1b6','super_admin','active',true,'2018-10-24 07:10:33','2018-10-24 07:10:33');","timestamp":"2018-10-24T07:10:33.320Z"}
{"level":"info","message":"Executing (default): SELECT 1+1 AS result","timestamp":"2018-10-24T07:11:20.611Z"}
{"level":"info","message":"Executing (default): SELECT `id`, `email`, `password`, `verify_token`, `user_type`, `status`, `can_user_login`, `created_at`, `updated_at` FROM `users` AS `user` WHERE `user`.`email` = 'customer@codiant.com' AND `user`.`status` = 'active' LIMIT 1;","timestamp":"2018-10-24T07:11:20.612Z"}
{"level":"info","message":"Database connected successfully","timestamp":"2018-10-24T07:11:20.615Z"}
{"level":"info","message":"Database sync successfully","timestamp":"2018-10-24T07:11:20.664Z"}
{"level":"info","message":"Executing (default): SELECT `id`, `email`, `password`, `verify_token`, `user_type`, `status`, `can_user_login`, `created_at`, `updated_at` FROM `users` AS `user` WHERE `user`.`user_type` = 'super_admin' LIMIT 1;","timestamp":"2018-10-24T07:11:20.665Z"}
{"level":"info","message":"Executing (default): INSERT INTO `users` (`id`,`email`,`password`,`user_type`,`status`,`can_user_login`,`created_at`,`updated_at`) VALUES (DEFAULT,'admin@domain.com','$2a$10$7067DZl/b80oyONVu9PtQe3dg5hhBbQzwtAqQJM7wJaFzR/xjV1b6','super_admin','active',true,'2018-10-24 07:11:20','2018-10-24 07:11:20');","timestamp":"2018-10-24T07:11:20.678Z"}
{"level":"info","message":"Executing (default): SELECT `id`, `email`, `password`, `verify_token`, `user_type`, `status`, `can_user_login`, `created_at`, `updated_at` FROM `users` AS `user` WHERE `user`.`email` = 'customer@codiant.com' AND `user`.`status` = 'active' LIMIT 1;","timestamp":"2018-10-24T07:28:59.179Z"}
{"level":"info","message":"Executing (default): SELECT 1+1 AS result","timestamp":"2018-10-24T07:35:36.324Z"}
{"level":"info","message":"Database connected successfully","timestamp":"2018-10-24T07:35:36.328Z"}
{"level":"info","message":"Database sync successfully","timestamp":"2018-10-24T07:35:36.342Z"}
{"level":"info","message":"Executing (default): SELECT `id`, `email`, `password`, `verify_token`, `user_type`, `status`, `can_user_login`, `created_at`, `updated_at` FROM `users` AS `user` WHERE `user`.`user_type` = 'super_admin' LIMIT 1;","timestamp":"2018-10-24T07:35:36.347Z"}
{"level":"info","message":"Executing (default): INSERT INTO `users` (`id`,`email`,`password`,`user_type`,`status`,`can_user_login`,`created_at`,`updated_at`) VALUES (DEFAULT,'admin@domain.com','$2a$10$7067DZl/b80oyONVu9PtQe3dg5hhBbQzwtAqQJM7wJaFzR/xjV1b6','super_admin','active',true,'2018-10-24 07:35:36','2018-10-24 07:35:36');","timestamp":"2018-10-24T07:35:36.356Z"}
{"level":"info","message":"Executing (default): SELECT `id`, `email`, `password`, `verify_token`, `user_type`, `status`, `can_user_login`, `created_at`, `updated_at` FROM `users` AS `user` WHERE `user`.`email` = 'customer@codiant.com' LIMIT 1;","timestamp":"2018-10-24T07:35:37.726Z"}
{"level":"info","message":"Executing (default): SELECT 1+1 AS result","timestamp":"2018-10-24T07:35:51.439Z"}
{"level":"info","message":"Database connected successfully","timestamp":"2018-10-24T07:35:51.443Z"}
{"level":"info","message":"Database sync successfully","timestamp":"2018-10-24T07:35:51.458Z"}
{"level":"info","message":"Executing (default): SELECT `id`, `email`, `password`, `verify_token`, `user_type`, `status`, `can_user_login`, `created_at`, `updated_at` FROM `users` AS `user` WHERE `user`.`user_type` = 'super_admin' LIMIT 1;","timestamp":"2018-10-24T07:35:51.465Z"}
{"level":"info","message":"Executing (default): INSERT INTO `users` (`id`,`email`,`password`,`user_type`,`status`,`can_user_login`,`created_at`,`updated_at`) VALUES (DEFAULT,'admin@domain.com','$2a$10$7067DZl/b80oyONVu9PtQe3dg5hhBbQzwtAqQJM7wJaFzR/xjV1b6','super_admin','active',true,'2018-10-24 07:35:51','2018-10-24 07:35:51');","timestamp":"2018-10-24T07:35:51.474Z"}
{"level":"info","message":"Executing (default): SELECT 1+1 AS result","timestamp":"2018-10-24T07:36:51.735Z"}
{"level":"info","message":"Database connected successfully","timestamp":"2018-10-24T07:36:51.740Z"}
{"level":"info","message":"Database sync successfully","timestamp":"2018-10-24T07:36:51.754Z"}
{"level":"info","message":"Executing (default): SELECT `id`, `email`, `password`, `verify_token`, `user_type`, `status`, `can_user_login`, `created_at`, `updated_at` FROM `users` AS `user` WHERE `user`.`user_type` = 'super_admin' LIMIT 1;","timestamp":"2018-10-24T07:36:51.760Z"}
{"level":"info","message":"Executing (default): INSERT INTO `users` (`id`,`email`,`password`,`user_type`,`status`,`can_user_login`,`created_at`,`updated_at`) VALUES (DEFAULT,'admin@domain.com','$2a$10$7067DZl/b80oyONVu9PtQe3dg5hhBbQzwtAqQJM7wJaFzR/xjV1b6','super_admin','active',true,'2018-10-24 07:36:51','2018-10-24 07:36:51');","timestamp":"2018-10-24T07:36:51.769Z"}
{"level":"info","message":"Executing (default): SELECT `id`, `email`, `password`, `verify_token`, `user_type`, `status`, `can_user_login`, `created_at`, `updated_at` FROM `users` AS `user` WHERE `user`.`email` = 'customer@codiant.com' AND `user`.`status` = 'active' LIMIT 1;","timestamp":"2018-10-24T07:36:54.836Z"}
{"level":"info","message":"Executing (default): SELECT 1+1 AS result","timestamp":"2018-10-24T07:37:07.809Z"}
{"level":"info","message":"Database connected successfully","timestamp":"2018-10-24T07:37:07.813Z"}
{"level":"info","message":"Database sync successfully","timestamp":"2018-10-24T07:37:07.836Z"}
{"level":"info","message":"Executing (default): SELECT `id`, `email`, `password`, `verify_token`, `user_type`, `status`, `can_user_login`, `created_at`, `updated_at` FROM `users` AS `user` WHERE `user`.`user_type` = 'super_admin' LIMIT 1;","timestamp":"2018-10-24T07:37:07.844Z"}
{"level":"info","message":"Executing (default): INSERT INTO `users` (`id`,`email`,`password`,`user_type`,`status`,`can_user_login`,`created_at`,`updated_at`) VALUES (DEFAULT,'admin@domain.com','$2a$10$7067DZl/b80oyONVu9PtQe3dg5hhBbQzwtAqQJM7wJaFzR/xjV1b6','super_admin','active',true,'2018-10-24 07:37:07','2018-10-24 07:37:07');","timestamp":"2018-10-24T07:37:07.857Z"}
{"level":"info","message":"Executing (default): SELECT 1+1 AS result","timestamp":"2018-10-24T07:37:18.768Z"}
{"level":"info","message":"Executing (default): SELECT `id`, `email`, `password`, `verify_token`, `user_type`, `status`, `can_user_login`, `created_at`, `updated_at` FROM `users` AS `user` WHERE `user`.`email` = 'customer@codiant.com' AND `user`.`status` = 'active' LIMIT 1;","timestamp":"2018-10-24T07:37:18.770Z"}
{"level":"info","message":"Database connected successfully","timestamp":"2018-10-24T07:37:18.773Z"}
{"level":"info","message":"Database sync successfully","timestamp":"2018-10-24T07:37:18.802Z"}
{"level":"info","message":"Executing (default): SELECT `id`, `email`, `password`, `verify_token`, `user_type`, `status`, `can_user_login`, `created_at`, `updated_at` FROM `users` AS `user` WHERE `user`.`user_type` = 'super_admin' LIMIT 1;","timestamp":"2018-10-24T07:37:18.803Z"}
{"level":"info","message":"Executing (default): INSERT INTO `users` (`id`,`email`,`password`,`user_type`,`status`,`can_user_login`,`created_at`,`updated_at`) VALUES (DEFAULT,'admin@domain.com','$2a$10$7067DZl/b80oyONVu9PtQe3dg5hhBbQzwtAqQJM7wJaFzR/xjV1b6','super_admin','active',true,'2018-10-24 07:37:18','2018-10-24 07:37:18');","timestamp":"2018-10-24T07:37:18.811Z"}
{"level":"info","message":"Executing (default): SELECT 1+1 AS result","timestamp":"2018-10-24T07:37:51.644Z"}
{"level":"info","message":"Database connected successfully","timestamp":"2018-10-24T07:37:51.648Z"}
{"level":"info","message":"Database sync successfully","timestamp":"2018-10-24T07:37:51.661Z"}
{"level":"info","message":"Executing (default): SELECT `id`, `email`, `password`, `verify_token`, `user_type`, `status`, `can_user_login`, `created_at`, `updated_at` FROM `users` AS `user` WHERE `user`.`user_type` = 'super_admin' LIMIT 1;","timestamp":"2018-10-24T07:37:51.667Z"}
{"level":"info","message":"Executing (default): INSERT INTO `users` (`id`,`email`,`password`,`user_type`,`status`,`can_user_login`,`created_at`,`updated_at`) VALUES (DEFAULT,'admin@domain.com','$2a$10$7067DZl/b80oyONVu9PtQe3dg5hhBbQzwtAqQJM7wJaFzR/xjV1b6','super_admin','active',true,'2018-10-24 07:37:51','2018-10-24 07:37:51');","timestamp":"2018-10-24T07:37:51.676Z"}
{"level":"info","message":"Executing (default): SELECT `id`, `email`, `password`, `verify_token`, `user_type`, `status`, `can_user_login`, `created_at`, `updated_at` FROM `users` AS `user` WHERE `user`.`email` = 'customer@codiant.com' AND `user`.`status` = 'active' LIMIT 1;","timestamp":"2018-10-24T07:37:59.006Z"}
{"level":"info","message":"Executing (default): SELECT 1+1 AS result","timestamp":"2018-10-24T07:38:37.297Z"}
{"level":"info","message":"Database connected successfully","timestamp":"2018-10-24T07:38:37.300Z"}
{"level":"info","message":"Database sync successfully","timestamp":"2018-10-24T07:38:37.316Z"}
{"level":"info","message":"Executing (default): SELECT `id`, `email`, `password`, `verify_token`, `user_type`, `status`, `can_user_login`, `created_at`, `updated_at` FROM `users` AS `user` WHERE `user`.`user_type` = 'super_admin' LIMIT 1;","timestamp":"2018-10-24T07:38:37.321Z"}
{"level":"info","message":"Executing (default): INSERT INTO `users` (`id`,`email`,`password`,`user_type`,`status`,`can_user_login`,`created_at`,`updated_at`) VALUES (DEFAULT,'admin@domain.com','$2a$10$7067DZl/b80oyONVu9PtQe3dg5hhBbQzwtAqQJM7wJaFzR/xjV1b6','super_admin','active',true,'2018-10-24 07:38:37','2018-10-24 07:38:37');","timestamp":"2018-10-24T07:38:37.330Z"}
{"level":"info","message":"Executing (default): SELECT `id`, `email`, `password`, `verify_token`, `user_type`, `status`, `can_user_login`, `created_at`, `updated_at` FROM `users` AS `user` WHERE `user`.`email` = 'customer@codiant.com' AND `user`.`status` = 'active' LIMIT 1;","timestamp":"2018-10-24T07:38:37.581Z"}
{"level":"info","message":"Executing (default): SELECT 1+1 AS result","timestamp":"2018-10-24T07:39:10.166Z"}
{"level":"info","message":"Database connected successfully","timestamp":"2018-10-24T07:39:10.170Z"}
{"level":"info","message":"Database sync successfully","timestamp":"2018-10-24T07:39:10.187Z"}
{"level":"info","message":"Executing (default): SELECT `id`, `email`, `password`, `verify_token`, `user_type`, `status`, `can_user_login`, `created_at`, `updated_at` FROM `users` AS `user` WHERE `user`.`user_type` = 'super_admin' LIMIT 1;","timestamp":"2018-10-24T07:39:10.193Z"}
{"level":"info","message":"Executing (default): INSERT INTO `users` (`id`,`email`,`password`,`user_type`,`status`,`can_user_login`,`created_at`,`updated_at`) VALUES (DEFAULT,'admin@domain.com','$2a$10$7067DZl/b80oyONVu9PtQe3dg5hhBbQzwtAqQJM7wJaFzR/xjV1b6','super_admin','active',true,'2018-10-24 07:39:10','2018-10-24 07:39:10');","timestamp":"2018-10-24T07:39:10.201Z"}
{"level":"info","message":"Executing (default): SELECT 1+1 AS result","timestamp":"2018-10-24T07:39:16.717Z"}
{"level":"info","message":"Database connected successfully","timestamp":"2018-10-24T07:39:16.723Z"}
{"level":"info","message":"Database sync successfully","timestamp":"2018-10-24T07:39:16.741Z"}
{"level":"info","message":"Executing (default): SELECT `id`, `email`, `password`, `verify_token`, `user_type`, `status`, `can_user_login`, `created_at`, `updated_at` FROM `users` AS `user` WHERE `user`.`user_type` = 'super_admin' LIMIT 1;","timestamp":"2018-10-24T07:39:16.747Z"}
{"level":"info","message":"Executing (default): INSERT INTO `users` (`id`,`email`,`password`,`user_type`,`status`,`can_user_login`,`created_at`,`updated_at`) VALUES (DEFAULT,'admin@domain.com','$2a$10$7067DZl/b80oyONVu9PtQe3dg5hhBbQzwtAqQJM7wJaFzR/xjV1b6','super_admin','active',true,'2018-10-24 07:39:16','2018-10-24 07:39:16');","timestamp":"2018-10-24T07:39:16.761Z"}
{"level":"info","message":"Executing (default): SELECT `id`, `email`, `password`, `verify_token`, `user_type`, `status`, `can_user_login`, `created_at`, `updated_at` FROM `users` AS `user` WHERE `user`.`email` = 'customer@codiant.com' AND `user`.`status` = 'active' LIMIT 1;","timestamp":"2018-10-24T07:39:29.646Z"}
{"level":"info","message":"Executing (default): SELECT 1+1 AS result","timestamp":"2018-10-24T07:40:30.779Z"}
{"level":"info","message":"Database connected successfully","timestamp":"2018-10-24T07:40:30.783Z"}
{"level":"info","message":"Database sync successfully","timestamp":"2018-10-24T07:40:30.798Z"}
{"level":"info","message":"Executing (default): SELECT `id`, `email`, `password`, `verify_token`, `user_type`, `status`, `can_user_login`, `created_at`, `updated_at` FROM `users` AS `user` WHERE `user`.`user_type` = 'super_admin' LIMIT 1;","timestamp":"2018-10-24T07:40:30.804Z"}
{"level":"info","message":"Executing (default): INSERT INTO `users` (`id`,`email`,`password`,`user_type`,`status`,`can_user_login`,`created_at`,`updated_at`) VALUES (DEFAULT,'admin@domain.com','$2a$10$7067DZl/b80oyONVu9PtQe3dg5hhBbQzwtAqQJM7wJaFzR/xjV1b6','super_admin','active',true,'2018-10-24 07:40:30','2018-10-24 07:40:30');","timestamp":"2018-10-24T07:40:30.813Z"}
{"level":"info","message":"Executing (default): SELECT `id`, `email`, `password`, `verify_token`, `user_type`, `status`, `can_user_login`, `created_at`, `updated_at` FROM `users` AS `user` WHERE `user`.`email` = 'customer@codiant.com' AND `user`.`status` = 'active' LIMIT 1;","timestamp":"2018-10-24T07:40:32.551Z"}
{"level":"info","message":"Executing (default): SELECT 1+1 AS result","timestamp":"2018-10-24T07:40:48.257Z"}
{"level":"info","message":"Database connected successfully","timestamp":"2018-10-24T07:40:48.261Z"}
{"level":"info","message":"Database sync successfully","timestamp":"2018-10-24T07:40:48.275Z"}
{"level":"info","message":"Executing (default): SELECT `id`, `email`, `password`, `verify_token`, `user_type`, `status`, `can_user_login`, `created_at`, `updated_at` FROM `users` AS `user` WHERE `user`.`user_type` = 'super_admin' LIMIT 1;","timestamp":"2018-10-24T07:40:48.280Z"}
{"level":"info","message":"Executing (default): INSERT INTO `users` (`id`,`email`,`password`,`user_type`,`status`,`can_user_login`,`created_at`,`updated_at`) VALUES (DEFAULT,'admin@domain.com','$2a$10$7067DZl/b80oyONVu9PtQe3dg5hhBbQzwtAqQJM7wJaFzR/xjV1b6','super_admin','active',true,'2018-10-24 07:40:48','2018-10-24 07:40:48');","timestamp":"2018-10-24T07:40:48.289Z"}
{"level":"info","message":"Executing (default): SELECT 1+1 AS result","timestamp":"2018-10-24T07:42:10.121Z"}
{"level":"info","message":"Database connected successfully","timestamp":"2018-10-24T07:42:10.125Z"}
{"level":"info","message":"Database sync successfully","timestamp":"2018-10-24T07:42:10.138Z"}
{"level":"info","message":"Executing (default): SELECT `id`, `email`, `password`, `verify_token`, `user_type`, `status`, `can_user_login`, `created_at`, `updated_at` FROM `users` AS `user` WHERE `user`.`user_type` = 'super_admin' LIMIT 1;","timestamp":"2018-10-24T07:42:10.143Z"}
{"level":"info","message":"Executing (default): INSERT INTO `users` (`id`,`email`,`password`,`user_type`,`status`,`can_user_login`,`created_at`,`updated_at`) VALUES (DEFAULT,'admin@domain.com','$2a$10$7067DZl/b80oyONVu9PtQe3dg5hhBbQzwtAqQJM7wJaFzR/xjV1b6','super_admin','active',true,'2018-10-24 07:42:10','2018-10-24 07:42:10');","timestamp":"2018-10-24T07:42:10.153Z"}
{"level":"info","message":"Executing (default): SELECT `id`, `email`, `password`, `verify_token`, `user_type`, `status`, `can_user_login`, `created_at`, `updated_at` FROM `users` AS `user` WHERE `user`.`email` = 'customer@codiant.com' AND `user`.`status` = 'active' LIMIT 1;","timestamp":"2018-10-24T07:42:10.391Z"}
{"level":"info","message":"Executing (default): SELECT 1+1 AS result","timestamp":"2018-10-24T07:42:32.145Z"}
{"level":"info","message":"Executing (default): SELECT `id`, `email`, `password`, `verify_token`, `user_type`, `status`, `can_user_login`, `created_at`, `updated_at` FROM `users` AS `user` WHERE `user`.`email` = 'customer@codiant.com' AND `user`.`status` = 'active' LIMIT 1;","timestamp":"2018-10-24T07:42:32.150Z"}
{"level":"info","message":"Database connected successfully","timestamp":"2018-10-24T07:42:32.156Z"}
{"level":"info","message":"Database sync successfully","timestamp":"2018-10-24T07:42:32.215Z"}
{"level":"info","message":"Executing (default): SELECT `id`, `email`, `password`, `verify_token`, `user_type`, `status`, `can_user_login`, `created_at`, `updated_at` FROM `users` AS `user` WHERE `user`.`user_type` = 'super_admin' LIMIT 1;","timestamp":"2018-10-24T07:42:32.217Z"}
{"level":"info","message":"Executing (default): INSERT INTO `users` (`id`,`email`,`password`,`user_type`,`status`,`can_user_login`,`created_at`,`updated_at`) VALUES (DEFAULT,'admin@domain.com','$2a$10$7067DZl/b80oyONVu9PtQe3dg5hhBbQzwtAqQJM7wJaFzR/xjV1b6','super_admin','active',true,'2018-10-24 07:42:32','2018-10-24 07:42:32');","timestamp":"2018-10-24T07:42:32.232Z"}
{"level":"info","message":"Executing (default): SELECT 1+1 AS result","timestamp":"2018-10-24T07:43:40.165Z"}
{"level":"info","message":"Database connected successfully","timestamp":"2018-10-24T07:43:40.169Z"}
{"level":"info","message":"Database sync successfully","timestamp":"2018-10-24T07:43:40.185Z"}
{"level":"info","message":"Executing (default): SELECT `id`, `email`, `password`, `verify_token`, `user_type`, `status`, `can_user_login`, `created_at`, `updated_at` FROM `users` AS `user` WHERE `user`.`user_type` = 'super_admin' LIMIT 1;","timestamp":"2018-10-24T07:43:40.190Z"}
{"level":"info","message":"Executing (default): INSERT INTO `users` (`id`,`email`,`password`,`user_type`,`status`,`can_user_login`,`created_at`,`updated_at`) VALUES (DEFAULT,'admin@domain.com','$2a$10$7067DZl/b80oyONVu9PtQe3dg5hhBbQzwtAqQJM7wJaFzR/xjV1b6','super_admin','active',true,'2018-10-24 07:43:40','2018-10-24 07:43:40');","timestamp":"2018-10-24T07:43:40.199Z"}
{"level":"info","message":"Executing (default): SELECT `id`, `email`, `password`, `verify_token`, `user_type`, `status`, `can_user_login`, `created_at`, `updated_at` FROM `users` AS `user` WHERE `user`.`email` = 'customer@codiant.com' AND `user`.`status` = 'active' LIMIT 1;","timestamp":"2018-10-24T07:43:55.973Z"}
{"level":"info","message":"Executing (default): SELECT 1+1 AS result","timestamp":"2018-10-24T07:44:38.993Z"}
{"level":"info","message":"Database connected successfully","timestamp":"2018-10-24T07:44:38.997Z"}
{"level":"info","message":"Database sync successfully","timestamp":"2018-10-24T07:44:39.011Z"}
{"level":"info","message":"Executing (default): SELECT `id`, `email`, `password`, `verify_token`, `user_type`, `status`, `can_user_login`, `created_at`, `updated_at` FROM `users` AS `user` WHERE `user`.`user_type` = 'super_admin' LIMIT 1;","timestamp":"2018-10-24T07:44:39.017Z"}
{"level":"info","message":"Executing (default): INSERT INTO `users` (`id`,`email`,`password`,`user_type`,`status`,`can_user_login`,`created_at`,`updated_at`) VALUES (DEFAULT,'admin@domain.com','$2a$10$7067DZl/b80oyONVu9PtQe3dg5hhBbQzwtAqQJM7wJaFzR/xjV1b6','super_admin','active',true,'2018-10-24 07:44:39','2018-10-24 07:44:39');","timestamp":"2018-10-24T07:44:39.024Z"}
{"level":"info","message":"Executing (default): SELECT `id`, `email`, `password`, `verify_token`, `user_type`, `status`, `can_user_login`, `created_at`, `updated_at` FROM `users` AS `user` WHERE ((`user`.`email` = 'customer@codiant.com' AND `user`.`status` = 'active')) LIMIT 1;","timestamp":"2018-10-24T07:44:40.195Z"}
{"level":"info","message":"Executing (default): SELECT 1+1 AS result","timestamp":"2018-10-24T07:44:55.561Z"}
{"level":"info","message":"Database connected successfully","timestamp":"2018-10-24T07:44:55.564Z"}
{"level":"info","message":"Database sync successfully","timestamp":"2018-10-24T07:44:55.583Z"}
{"level":"info","message":"Executing (default): SELECT `id`, `email`, `password`, `verify_token`, `user_type`, `status`, `can_user_login`, `created_at`, `updated_at` FROM `users` AS `user` WHERE `user`.`user_type` = 'super_admin' LIMIT 1;","timestamp":"2018-10-24T07:44:55.589Z"}
{"level":"info","message":"Executing (default): INSERT INTO `users` (`id`,`email`,`password`,`user_type`,`status`,`can_user_login`,`created_at`,`updated_at`) VALUES (DEFAULT,'admin@domain.com','$2a$10$7067DZl/b80oyONVu9PtQe3dg5hhBbQzwtAqQJM7wJaFzR/xjV1b6','super_admin','active',true,'2018-10-24 07:44:55','2018-10-24 07:44:55');","timestamp":"2018-10-24T07:44:55.601Z"}
{"level":"info","message":"Executing (default): SELECT `id`, `email`, `password`, `verify_token`, `user_type`, `status`, `can_user_login`, `created_at`, `updated_at` FROM `users` AS `user` WHERE `user`.`email` = 'customer@codiant.com' AND `user`.`status` = 'active' LIMIT 1;","timestamp":"2018-10-24T07:46:02.963Z"}
{"level":"info","message":"Executing (default): SELECT 1+1 AS result","timestamp":"2018-10-24T07:49:38.366Z"}
{"level":"info","message":"Database connected successfully","timestamp":"2018-10-24T07:49:38.366Z"}
{"level":"info","message":"Database sync successfully","timestamp":"2018-10-24T07:49:38.381Z"}
{"level":"info","message":"Executing (default): SELECT `id`, `email`, `password`, `verify_token`, `user_type`, `status`, `can_user_login`, `createdAt`, `updatedAt` FROM `user` AS `user` WHERE `user`.`user_type` = 'super_admin' LIMIT 1;","timestamp":"2018-10-24T07:49:38.381Z"}
{"level":"info","message":"Executing (default): SELECT 1+1 AS result","timestamp":"2018-10-24T07:50:04.065Z"}
{"level":"info","message":"Database connected successfully","timestamp":"2018-10-24T07:50:04.068Z"}
{"level":"info","message":"Database sync successfully","timestamp":"2018-10-24T07:50:04.382Z"}
{"level":"info","message":"Executing (default): SELECT `id`, `email`, `password`, `verify_token`, `user_type`, `status`, `can_user_login`, `created_at`, `updated_at` FROM `users` AS `user` WHERE `user`.`user_type` = 'super_admin' LIMIT 1;","timestamp":"2018-10-24T07:50:04.385Z"}
{"level":"info","message":"Executing (default): INSERT INTO `users` (`id`,`email`,`password`,`user_type`,`status`,`can_user_login`,`created_at`,`updated_at`) VALUES (DEFAULT,'admin@domain.com','$2a$10$7067DZl/b80oyONVu9PtQe3dg5hhBbQzwtAqQJM7wJaFzR/xjV1b6','super_admin','active',true,'2018-10-24 07:50:04','2018-10-24 07:50:04');","timestamp":"2018-10-24T07:50:04.385Z"}
{"level":"info","message":"Executing (default): SELECT 1+1 AS result","timestamp":"2018-10-24T07:52:39.089Z"}
{"level":"info","message":"Database connected successfully","timestamp":"2018-10-24T07:52:39.092Z"}
{"level":"info","message":"Database sync successfully","timestamp":"2018-10-24T07:52:39.105Z"}
{"level":"info","message":"Executing (default): SELECT `id`, `email`, `password`, `verify_token`, `user_type`, `status`, `can_user_login`, `created_at`, `updated_at` FROM `users` AS `user` WHERE `user`.`user_type` = 'super_admin' LIMIT 1;","timestamp":"2018-10-24T07:52:39.110Z"}
{"level":"info","message":"Executing (default): INSERT INTO `users` (`id`,`email`,`password`,`user_type`,`status`,`can_user_login`,`created_at`,`updated_at`) VALUES (DEFAULT,'admin@domain.com','$2a$10$7067DZl/b80oyONVu9PtQe3dg5hhBbQzwtAqQJM7wJaFzR/xjV1b6','super_admin','active',true,'2018-10-24 07:52:39','2018-10-24 07:52:39');","timestamp":"2018-10-24T07:52:39.115Z"}
{"level":"info","message":"Executing (default): SELECT 1+1 AS result","timestamp":"2018-10-24T07:52:52.408Z"}
{"level":"info","message":"Database connected successfully","timestamp":"2018-10-24T07:52:52.408Z"}
{"level":"info","message":"Database sync successfully","timestamp":"2018-10-24T07:52:52.424Z"}
{"level":"info","message":"Executing (default): SELECT `id`, `email`, `password`, `verify_token`, `user_type`, `status`, `can_user_login`, `created_at`, `updated_at` FROM `users` AS `user` WHERE `user`.`user_type` = 'super_admin' LIMIT 1;","timestamp":"2018-10-24T07:52:52.424Z"}
{"level":"info","message":"Executing (default): INSERT INTO `users` (`id`,`email`,`password`,`user_type`,`status`,`can_user_login`,`created_at`,`updated_at`) VALUES (DEFAULT,'admin@domain.com','$2a$10$7067DZl/b80oyONVu9PtQe3dg5hhBbQzwtAqQJM7wJaFzR/xjV1b6','super_admin','active',true,'2018-10-24 07:52:52','2018-10-24 07:52:52');","timestamp":"2018-10-24T07:52:52.441Z"}
{"level":"info","message":"Executing (default): SELECT `id`, `email`, `password`, `verify_token`, `user_type`, `status`, `can_user_login`, `created_at`, `updated_at` FROM `users` AS `user` WHERE `user`.`email` = 'customer@codiant.com' AND `user`.`status` = 'active' LIMIT 1;","timestamp":"2018-10-24T07:53:04.509Z"}
{"level":"info","message":"Executing (default): SELECT `id`, `email`, `password`, `verify_token`, `user_type`, `status`, `can_user_login`, `created_at`, `updated_at` FROM `users` AS `user` WHERE `user`.`email` = 'customer@codiant.com' AND `user`.`status` = 'active' LIMIT 1;","timestamp":"2018-10-24T07:53:13.877Z"}
{"level":"info","message":"Executing (default): SELECT `id`, `email`, `password`, `verify_token`, `user_type`, `status`, `can_user_login`, `created_at`, `updated_at` FROM `users` AS `user` WHERE `user`.`email` = 'customer@codiant.com' AND `user`.`status` = 'active' LIMIT 1;","timestamp":"2018-10-24T07:53:44.111Z"}
{"level":"info","message":"Executing (default): SELECT 1+1 AS result","timestamp":"2018-10-24T07:55:03.502Z"}
{"level":"info","message":"Database connected successfully","timestamp":"2018-10-24T07:55:03.505Z"}
{"level":"info","message":"Database sync successfully","timestamp":"2018-10-24T07:55:03.519Z"}
{"level":"info","message":"Executing (default): SELECT `id`, `email`, `password`, `verify_token`, `user_type`, `status`, `can_user_login`, `created_at`, `updated_at` FROM `users` AS `user` WHERE `user`.`user_type` = 'super_admin' LIMIT 1;","timestamp":"2018-10-24T07:55:03.524Z"}
{"level":"info","message":"Executing (default): INSERT INTO `users` (`id`,`email`,`password`,`user_type`,`status`,`can_user_login`,`created_at`,`updated_at`) VALUES (DEFAULT,'admin@domain.com','$2a$10$7067DZl/b80oyONVu9PtQe3dg5hhBbQzwtAqQJM7wJaFzR/xjV1b6','super_admin','active',true,'2018-10-24 07:55:03','2018-10-24 07:55:03');","timestamp":"2018-10-24T07:55:03.532Z"}
{"level":"info","message":"Executing (default): SELECT `id`, `email`, `password`, `verify_token`, `user_type`, `status`, `can_user_login`, `created_at`, `updated_at` FROM `users` AS `user` WHERE `user`.`email` = 'customer@codiant.com' LIMIT 1;","timestamp":"2018-10-24T07:55:04.901Z"}
{"level":"info","message":"Executing (default): SELECT `id`, `email`, `password`, `verify_token`, `user_type`, `status`, `can_user_login`, `created_at`, `updated_at` FROM `users` AS `user` WHERE `user`.`email` = 'admin@amrek.com' LIMIT 1;","timestamp":"2018-10-24T07:55:42.796Z"}
{"level":"info","message":"Executing (default): SELECT `id`, `email`, `password`, `verify_token`, `user_type`, `status`, `can_user_login`, `created_at`, `updated_at` FROM `users` AS `user` WHERE `user`.`email` = 'admin@amrek.com' LIMIT 1;","timestamp":"2018-10-24T07:55:53.633Z"}
{"level":"info","message":"Executing (default): SELECT 1+1 AS result","timestamp":"2018-10-24T07:56:17.182Z"}
{"level":"info","message":"Database connected successfully","timestamp":"2018-10-24T07:56:17.185Z"}
{"level":"info","message":"Database sync successfully","timestamp":"2018-10-24T07:56:17.204Z"}
{"level":"info","message":"Executing (default): SELECT `id`, `email`, `password`, `verify_token`, `user_type`, `status`, `can_user_login`, `created_at`, `updated_at` FROM `users` AS `user` WHERE `user`.`user_type` = 'super_admin' LIMIT 1;","timestamp":"2018-10-24T07:56:17.210Z"}
{"level":"info","message":"Executing (default): INSERT INTO `users` (`id`,`email`,`password`,`user_type`,`status`,`can_user_login`,`created_at`,`updated_at`) VALUES (DEFAULT,'admin@domain.com','$2a$10$7067DZl/b80oyONVu9PtQe3dg5hhBbQzwtAqQJM7wJaFzR/xjV1b6','super_admin','active',true,'2018-10-24 07:56:17','2018-10-24 07:56:17');","timestamp":"2018-10-24T07:56:17.221Z"}
{"level":"info","message":"Executing (default): SELECT 1+1 AS result","timestamp":"2018-10-24T07:57:00.175Z"}
{"level":"info","message":"Database connected successfully","timestamp":"2018-10-24T07:57:00.181Z"}
{"level":"info","message":"Database sync successfully","timestamp":"2018-10-24T07:57:00.200Z"}
{"level":"info","message":"Executing (default): SELECT `id`, `email`, `password`, `verify_token`, `user_type`, `status`, `can_user_login`, `created_at`, `updated_at` FROM `users` AS `user` WHERE `user`.`user_type` = 'super_admin' LIMIT 1;","timestamp":"2018-10-24T07:57:00.206Z"}
{"level":"info","message":"Executing (default): INSERT INTO `users` (`id`,`email`,`password`,`user_type`,`status`,`can_user_login`,`created_at`,`updated_at`) VALUES (DEFAULT,'admin@domain.com','$2a$10$7067DZl/b80oyONVu9PtQe3dg5hhBbQzwtAqQJM7wJaFzR/xjV1b6','super_admin','active',true,'2018-10-24 07:57:00','2018-10-24 07:57:00');","timestamp":"2018-10-24T07:57:00.217Z"}
{"level":"info","message":"Executing (default): SELECT `id`, `email`, `password`, `verify_token`, `user_type`, `status`, `can_user_login`, `created_at`, `updated_at` FROM `users` AS `user` WHERE `user`.`email` = 'admin@amrek.com' AND `user`.`status` = 'active' LIMIT 1;","timestamp":"2018-10-24T07:57:10.939Z"}
{"level":"info","message":"Executing (default): SELECT `id`, `email`, `password`, `verify_token`, `user_type`, `status`, `can_user_login`, `created_at`, `updated_at` FROM `users` AS `user` WHERE `user`.`email` = 'customer@codiant.com' AND `user`.`status` = 'active' LIMIT 1;","timestamp":"2018-10-24T07:57:38.164Z"}
{"level":"info","message":"Executing (default): SELECT 1+1 AS result","timestamp":"2018-10-24T07:59:32.023Z"}
{"level":"info","message":"Executing (default): SELECT `id`, `email`, `password`, `verify_token`, `user_type`, `status`, `can_user_login`, `created_at`, `updated_at` FROM `users` AS `user` WHERE `user`.`email` = 'customer@codiant.com' AND `user`.`status` = 'active' LIMIT 1;","timestamp":"2018-10-24T07:59:32.024Z"}
{"level":"info","message":"Database connected successfully","timestamp":"2018-10-24T07:59:32.028Z"}
{"level":"info","message":"Database sync successfully","timestamp":"2018-10-24T07:59:32.051Z"}
{"level":"info","message":"Executing (default): SELECT `id`, `email`, `password`, `verify_token`, `user_type`, `status`, `can_user_login`, `created_at`, `updated_at` FROM `users` AS `user` WHERE `user`.`user_type` = 'super_admin' LIMIT 1;","timestamp":"2018-10-24T07:59:32.052Z"}
{"level":"info","message":"Executing (default): INSERT INTO `users` (`id`,`email`,`password`,`user_type`,`status`,`can_user_login`,`created_at`,`updated_at`) VALUES (DEFAULT,'admin@domain.com','$2a$10$7067DZl/b80oyONVu9PtQe3dg5hhBbQzwtAqQJM7wJaFzR/xjV1b6','super_admin','active',true,'2018-10-24 07:59:32','2018-10-24 07:59:32');","timestamp":"2018-10-24T07:59:32.075Z"}
{"level":"info","message":"Executing (default): SELECT `id`, `email`, `password`, `verify_token`, `user_type`, `status`, `can_user_login`, `created_at`, `updated_at` FROM `users` AS `user` WHERE `user`.`email` = 'customer@codiant.com' AND `user`.`status` = 'active' LIMIT 1;","timestamp":"2018-10-24T08:02:13.322Z"}
{"level":"info","message":"Executing (default): SELECT 1+1 AS result","timestamp":"2018-10-24T08:04:02.889Z"}
{"level":"info","message":"Database connected successfully","timestamp":"2018-10-24T08:04:02.893Z"}
{"level":"info","message":"Database sync successfully","timestamp":"2018-10-24T08:04:02.909Z"}
{"level":"info","message":"Executing (default): SELECT `id`, `email`, `password`, `verify_token`, `user_type`, `status`, `can_user_login`, `created_at`, `updated_at` FROM `users` AS `user` WHERE `user`.`user_type` = 'super_admin' LIMIT 1;","timestamp":"2018-10-24T08:04:02.914Z"}
{"level":"info","message":"Executing (default): INSERT INTO `users` (`id`,`email`,`password`,`user_type`,`status`,`can_user_login`,`created_at`,`updated_at`) VALUES (DEFAULT,'admin@domain.com','$2a$10$7067DZl/b80oyONVu9PtQe3dg5hhBbQzwtAqQJM7wJaFzR/xjV1b6','super_admin','active',true,'2018-10-24 08:04:02','2018-10-24 08:04:02');","timestamp":"2018-10-24T08:04:02.924Z"}
{"level":"info","message":"Executing (default): SELECT 1+1 AS result","timestamp":"2018-10-24T08:04:28.698Z"}
{"level":"info","message":"Executing (default): SELECT `id`, `email`, `password`, `verify_token`, `user_type`, `status`, `can_user_login`, `created_at`, `updated_at` FROM `users` AS `user` WHERE `user`.`email` = 'customer@codiant.com' AND `user`.`status` = 'active' LIMIT 1;","timestamp":"2018-10-24T08:04:28.700Z"}
{"level":"info","message":"Database connected successfully","timestamp":"2018-10-24T08:04:28.702Z"}
{"level":"info","message":"Database sync successfully","timestamp":"2018-10-24T08:04:28.755Z"}
{"level":"info","message":"Executing (default): SELECT `id`, `email`, `password`, `verify_token`, `user_type`, `status`, `can_user_login`, `created_at`, `updated_at` FROM `users` AS `user` WHERE `user`.`user_type` = 'super_admin' LIMIT 1;","timestamp":"2018-10-24T08:04:28.756Z"}
{"level":"info","message":"Executing (default): INSERT INTO `users` (`id`,`email`,`password`,`user_type`,`status`,`can_user_login`,`created_at`,`updated_at`) VALUES (DEFAULT,'admin@domain.com','$2a$10$7067DZl/b80oyONVu9PtQe3dg5hhBbQzwtAqQJM7wJaFzR/xjV1b6','super_admin','active',true,'2018-10-24 08:04:28','2018-10-24 08:04:28');","timestamp":"2018-10-24T08:04:28.767Z"}
{"level":"info","message":"Executing (default): SELECT 1+1 AS result","timestamp":"2018-10-24T08:05:05.044Z"}
{"level":"info","message":"Database connected successfully","timestamp":"2018-10-24T08:05:05.047Z"}
{"level":"info","message":"Database sync successfully","timestamp":"2018-10-24T08:05:05.063Z"}
{"level":"info","message":"Executing (default): SELECT `id`, `email`, `password`, `verify_token`, `user_type`, `status`, `can_user_login`, `created_at`, `updated_at` FROM `users` AS `user` WHERE `user`.`user_type` = 'super_admin' LIMIT 1;","timestamp":"2018-10-24T08:05:05.070Z"}
{"level":"info","message":"Executing (default): INSERT INTO `users` (`id`,`email`,`password`,`user_type`,`status`,`can_user_login`,`created_at`,`updated_at`) VALUES (DEFAULT,'admin@domain.com','$2a$10$7067DZl/b80oyONVu9PtQe3dg5hhBbQzwtAqQJM7wJaFzR/xjV1b6','super_admin','active',true,'2018-10-24 08:05:05','2018-10-24 08:05:05');","timestamp":"2018-10-24T08:05:05.079Z"}
{"level":"info","message":"Executing (default): SELECT 1+1 AS result","timestamp":"2018-10-24T08:05:17.526Z"}
{"level":"info","message":"Database connected successfully","timestamp":"2018-10-24T08:05:17.528Z"}
{"level":"info","message":"Database sync successfully","timestamp":"2018-10-24T08:05:17.545Z"}
{"level":"info","message":"Executing (default): SELECT `id`, `email`, `password`, `verify_token`, `user_type`, `status`, `can_user_login`, `created_at`, `updated_at` FROM `users` AS `user` WHERE `user`.`user_type` = 'super_admin' LIMIT 1;","timestamp":"2018-10-24T08:05:17.553Z"}
{"level":"info","message":"Executing (default): INSERT INTO `users` (`id`,`email`,`password`,`user_type`,`status`,`can_user_login`,`created_at`,`updated_at`) VALUES (DEFAULT,'admin@domain.com','$2a$10$7067DZl/b80oyONVu9PtQe3dg5hhBbQzwtAqQJM7wJaFzR/xjV1b6','super_admin','active',true,'2018-10-24 08:05:17','2018-10-24 08:05:17');","timestamp":"2018-10-24T08:05:17.564Z"}
{"level":"info","message":"Executing (default): SELECT `id`, `email`, `password`, `verify_token`, `user_type`, `status`, `can_user_login`, `created_at`, `updated_at` FROM `users` AS `user` WHERE `user`.`email` = 'customer@codiant.com' AND `user`.`status` = 'active' LIMIT 1;","timestamp":"2018-10-24T08:05:19.135Z"}
{"level":"info","message":"Executing (default): SELECT 1+1 AS result","timestamp":"2018-10-24T08:05:53.656Z"}
{"level":"info","message":"Database connected successfully","timestamp":"2018-10-24T08:05:53.660Z"}
{"level":"info","message":"Database sync successfully","timestamp":"2018-10-24T08:05:53.673Z"}
{"level":"info","message":"Executing (default): SELECT `id`, `email`, `password`, `verify_token`, `user_type`, `status`, `can_user_login`, `created_at`, `updated_at` FROM `users` AS `user` WHERE `user`.`user_type` = 'super_admin' LIMIT 1;","timestamp":"2018-10-24T08:05:53.678Z"}
{"level":"info","message":"Executing (default): INSERT INTO `users` (`id`,`email`,`password`,`user_type`,`status`,`can_user_login`,`created_at`,`updated_at`) VALUES (DEFAULT,'admin@domain.com','$2a$10$7067DZl/b80oyONVu9PtQe3dg5hhBbQzwtAqQJM7wJaFzR/xjV1b6','super_admin','active',true,'2018-10-24 08:05:53','2018-10-24 08:05:53');","timestamp":"2018-10-24T08:05:53.687Z"}
{"level":"info","message":"Executing (default): SELECT 1+1 AS result","timestamp":"2018-10-24T08:06:45.520Z"}
{"level":"info","message":"Database connected successfully","timestamp":"2018-10-24T08:06:45.538Z"}
{"level":"info","message":"Database sync successfully","timestamp":"2018-10-24T08:06:45.542Z"}
{"level":"info","message":"Executing (default): SELECT `id`, `email`, `password`, `role`, `status`, `can_user_login`, `created_at`, `updated_at` FROM `users` AS `user` WHERE `user`.`user_type` = 'super_admin' LIMIT 1;","timestamp":"2018-10-24T08:06:45.542Z"}
{"level":"info","message":"Executing (default): SELECT 1+1 AS result","timestamp":"2018-10-24T08:07:02.294Z"}
{"level":"info","message":"Database connected successfully","timestamp":"2018-10-24T08:07:02.298Z"}
{"level":"info","message":"Database sync successfully","timestamp":"2018-10-24T08:07:02.310Z"}
{"level":"info","message":"Executing (default): SELECT `id`, `email`, `password`, `role`, `status`, `can_user_login`, `created_at`, `updated_at` FROM `users` AS `user` WHERE `user`.`user_type` = 'super_admin' LIMIT 1;","timestamp":"2018-10-24T08:07:02.315Z"}
{"level":"info","message":"Executing (default): SELECT 1+1 AS result","timestamp":"2018-10-24T08:07:09.678Z"}
{"level":"info","message":"Database connected successfully","timestamp":"2018-10-24T08:07:09.682Z"}
{"level":"info","message":"Database sync successfully","timestamp":"2018-10-24T08:07:09.692Z"}
{"level":"info","message":"Executing (default): SELECT `id`, `email`, `password`, `role`, `status`, `created_at`, `updated_at` FROM `users` AS `user` WHERE `user`.`user_type` = 'super_admin' LIMIT 1;","timestamp":"2018-10-24T08:07:09.692Z"}
{"level":"info","message":"Executing (default): SELECT 1+1 AS result","timestamp":"2018-10-24T08:07:57.686Z"}
{"level":"info","message":"Database connected successfully","timestamp":"2018-10-24T08:07:57.691Z"}
{"level":"info","message":"Database sync successfully","timestamp":"2018-10-24T08:07:57.692Z"}
{"level":"info","message":"Executing (default): SELECT `id`, `email`, `password`, `role`, `status`, `created_at`, `updated_at` FROM `users` AS `user` WHERE `user`.`user_type` = 'super_admin' LIMIT 1;","timestamp":"2018-10-24T08:07:57.707Z"}
{"level":"info","message":"Executing (default): SELECT 1+1 AS result","timestamp":"2018-10-24T08:08:06.879Z"}
{"level":"info","message":"Database connected successfully","timestamp":"2018-10-24T08:08:06.882Z"}
{"level":"info","message":"Database sync successfully","timestamp":"2018-10-24T08:08:06.890Z"}
{"level":"info","message":"Executing (default): SELECT `id`, `email`, `password`, `role`, `status`, `created_at`, `updated_at` FROM `users` AS `user` WHERE `user`.`user_type` = 'super_admin' LIMIT 1;","timestamp":"2018-10-24T08:08:06.890Z"}
{"level":"info","message":"Executing (default): SELECT 1+1 AS result","timestamp":"2018-10-24T08:08:35.909Z"}
{"level":"info","message":"Database connected successfully","timestamp":"2018-10-24T08:08:35.912Z"}
{"level":"info","message":"Database sync successfully","timestamp":"2018-10-24T08:08:35.925Z"}
{"level":"info","message":"Executing (default): SELECT `id`, `email`, `password`, `status`, `created_at`, `updated_at` FROM `users` AS `user` WHERE `user`.`user_type` = 'super_admin' LIMIT 1;","timestamp":"2018-10-24T08:08:35.929Z"}
{"level":"info","message":"Executing (default): INSERT INTO `users` (`id`,`email`,`password`,`status`,`created_at`,`updated_at`) VALUES (DEFAULT,'admin@domain.com','$2a$10$7067DZl/b80oyONVu9PtQe3dg5hhBbQzwtAqQJM7wJaFzR/xjV1b6','active','2018-10-24 08:08:35','2018-10-24 08:08:35');","timestamp":"2018-10-24T08:08:35.937Z"}
{"level":"info","message":"Executing (default): SELECT `id`, `email`, `password`, `status`, `created_at`, `updated_at` FROM `users` AS `user` WHERE `user`.`email` = 'customer@codiant.com' AND `user`.`status` = 'active' LIMIT 1;","timestamp":"2018-10-24T08:08:41.072Z"}
{"level":"info","message":"Executing (default): SELECT 1+1 AS result","timestamp":"2018-10-24T08:09:48.913Z"}
{"level":"info","message":"Database connected successfully","timestamp":"2018-10-24T08:09:48.916Z"}
{"level":"info","message":"Database sync successfully","timestamp":"2018-10-24T08:09:48.930Z"}
{"level":"info","message":"Executing (default): SELECT `id`, `email`, `password`, `role`, `status`, `created_at`, `updated_at` FROM `users` AS `user` WHERE `user`.`user_type` = 'super_admin' LIMIT 1;","timestamp":"2018-10-24T08:09:48.936Z"}
{"level":"info","message":"Executing (default): SELECT 1+1 AS result","timestamp":"2018-10-24T08:10:25.996Z"}
{"level":"info","message":"Database connected successfully","timestamp":"2018-10-24T08:10:26.000Z"}
{"level":"info","message":"Database sync successfully","timestamp":"2018-10-24T08:10:26.013Z"}
{"level":"info","message":"Executing (default): SELECT `id`, `email`, `password`, `status`, `created_at`, `updated_at` FROM `users` AS `user` WHERE `user`.`user_type` = 'super_admin' LIMIT 1;","timestamp":"2018-10-24T08:10:26.018Z"}
{"level":"info","message":"Executing (default): INSERT INTO `users` (`id`,`email`,`password`,`status`,`created_at`,`updated_at`) VALUES (DEFAULT,'admin@domain.com','$2a$10$7067DZl/b80oyONVu9PtQe3dg5hhBbQzwtAqQJM7wJaFzR/xjV1b6','active','2018-10-24 08:10:26','2018-10-24 08:10:26');","timestamp":"2018-10-24T08:10:26.027Z"}
{"level":"info","message":"Executing (default): SELECT `id`, `email`, `password`, `status`, `created_at`, `updated_at` FROM `users` AS `user` WHERE `user`.`email` = 'customer@codiant.com' AND `user`.`status` = 'active' LIMIT 1;","timestamp":"2018-10-24T08:10:32.343Z"}
{"level":"info","message":"Executing (default): SELECT `id`, `email`, `password`, `status`, `created_at`, `updated_at` FROM `users` AS `user` WHERE `user`.`email` = 'customer@codiant.com' AND `user`.`status` = 'active' LIMIT 1;","timestamp":"2018-10-24T08:20:46.815Z"}
{"level":"info","message":"Executing (default): SELECT 1+1 AS result","timestamp":"2018-10-24T08:20:58.546Z"}
{"level":"info","message":"Database connected successfully","timestamp":"2018-10-24T08:20:58.549Z"}
{"level":"info","message":"Database sync successfully","timestamp":"2018-10-24T08:20:58.564Z"}
{"level":"info","message":"Executing (default): SELECT `id`, `email`, `password`, `status`, `created_at`, `updated_at` FROM `users` AS `user` WHERE `user`.`user_type` = 'super_admin' LIMIT 1;","timestamp":"2018-10-24T08:20:58.569Z"}
{"level":"info","message":"Executing (default): INSERT INTO `users` (`id`,`email`,`password`,`status`,`created_at`,`updated_at`) VALUES (DEFAULT,'admin@domain.com','$2a$10$7067DZl/b80oyONVu9PtQe3dg5hhBbQzwtAqQJM7wJaFzR/xjV1b6','active','2018-10-24 08:20:58','2018-10-24 08:20:58');","timestamp":"2018-10-24T08:20:58.579Z"}
{"level":"info","message":"Executing (default): SELECT `id`, `email`, `password`, `status`, `created_at`, `updated_at` FROM `users` AS `user` WHERE `user`.`email` = 'customer@codiant.com' AND `user`.`status` = 'active' LIMIT 1;","timestamp":"2018-10-24T08:21:03.062Z"}
{"level":"info","message":"Executing (default): SELECT `id`, `email`, `password`, `status`, `created_at`, `updated_at` FROM `users` AS `user` WHERE `user`.`email` = 'customer@codiant.com' AND `user`.`status` = 'active' LIMIT 1;","timestamp":"2018-10-24T08:21:52.534Z"}
{"level":"info","message":"Executing (default): SELECT 1+1 AS result","timestamp":"2018-10-24T08:22:16.325Z"}
{"level":"info","message":"Database connected successfully","timestamp":"2018-10-24T08:22:16.329Z"}
{"level":"info","message":"Database sync successfully","timestamp":"2018-10-24T08:22:16.343Z"}
{"level":"info","message":"Executing (default): SELECT `id`, `email`, `password`, `status`, `created_at`, `updated_at` FROM `users` AS `user` WHERE `user`.`user_type` = 'super_admin' LIMIT 1;","timestamp":"2018-10-24T08:22:16.348Z"}
{"level":"info","message":"Executing (default): INSERT INTO `users` (`id`,`email`,`password`,`status`,`created_at`,`updated_at`) VALUES (DEFAULT,'admin@domain.com','$2a$10$7067DZl/b80oyONVu9PtQe3dg5hhBbQzwtAqQJM7wJaFzR/xjV1b6','active','2018-10-24 08:22:16','2018-10-24 08:22:16');","timestamp":"2018-10-24T08:22:16.358Z"}
{"level":"info","message":"Executing (default): SELECT `id`, `email`, `password`, `status`, `created_at`, `updated_at` FROM `users` AS `user` WHERE `user`.`email` = 'customer@codiant.com' AND `user`.`status` = 'active' LIMIT 1;","timestamp":"2018-10-24T08:22:19.690Z"}
{"level":"info","message":"Executing (default): SELECT `id`, `email`, `password`, `status`, `created_at`, `updated_at` FROM `users` AS `user` WHERE `user`.`email` = 'customer@codiant.com' AND `user`.`status` = 'active' LIMIT 1;","timestamp":"2018-10-24T08:40:34.196Z"}
{"level":"info","message":"Executing (default): SELECT `id`, `email`, `password`, `status`, `created_at`, `updated_at` FROM `users` AS `user` WHERE `user`.`email` = 'customer@codiant.com' AND `user`.`status` = 'active' LIMIT 1;","timestamp":"2018-10-24T08:41:40.565Z"}
{"level":"info","message":"Executing (default): SELECT `id`, `email`, `password`, `status`, `created_at`, `updated_at` FROM `users` AS `user` WHERE `user`.`email` = 'customer@codiant.com' AND `user`.`status` = 'active' LIMIT 1;","timestamp":"2018-10-24T08:41:46.929Z"}
{"level":"info","message":"Executing (default): SELECT `id`, `email`, `password`, `status`, `created_at`, `updated_at` FROM `users` AS `user` WHERE `user`.`email` = 'customer@codiant.com' AND `user`.`status` = 'active' LIMIT 1;","timestamp":"2018-10-24T08:42:00.116Z"}
{"level":"info","message":"Executing (default): SELECT 1+1 AS result","timestamp":"2018-10-24T08:42:47.309Z"}
{"level":"info","message":"Database connected successfully","timestamp":"2018-10-24T08:42:47.313Z"}
{"level":"info","message":"Database sync successfully","timestamp":"2018-10-24T08:42:47.326Z"}
{"level":"info","message":"Executing (default): SELECT `id`, `email`, `password`, `status`, `created_at`, `updated_at` FROM `users` AS `user` WHERE `user`.`user_type` = 'super_admin' LIMIT 1;","timestamp":"2018-10-24T08:42:47.332Z"}
{"level":"info","message":"Executing (default): INSERT INTO `users` (`id`,`email`,`password`,`status`,`created_at`,`updated_at`) VALUES (DEFAULT,'admin@domain.com','$2a$10$7067DZl/b80oyONVu9PtQe3dg5hhBbQzwtAqQJM7wJaFzR/xjV1b6','active','2018-10-24 08:42:47','2018-10-24 08:42:47');","timestamp":"2018-10-24T08:42:47.340Z"}
{"level":"info","message":"Executing (default): SELECT 1+1 AS result","timestamp":"2018-10-24T08:43:12.361Z"}
{"level":"info","message":"Database connected successfully","timestamp":"2018-10-24T08:43:12.367Z"}
{"level":"info","message":"Database sync successfully","timestamp":"2018-10-24T08:43:12.392Z"}
{"level":"info","message":"Executing (default): SELECT `id`, `email`, `password`, `status`, `created_at`, `updated_at` FROM `users` AS `user` WHERE `user`.`user_type` = 'super_admin' LIMIT 1;","timestamp":"2018-10-24T08:43:12.398Z"}
{"level":"info","message":"Executing (default): INSERT INTO `users` (`id`,`email`,`password`,`status`,`created_at`,`updated_at`) VALUES (DEFAULT,'admin@domain.com','$2a$10$7067DZl/b80oyONVu9PtQe3dg5hhBbQzwtAqQJM7wJaFzR/xjV1b6','active','2018-10-24 08:43:12','2018-10-24 08:43:12');","timestamp":"2018-10-24T08:43:12.411Z"}
{"level":"info","message":"Executing (default): SELECT 1+1 AS result","timestamp":"2018-10-24T08:43:33.836Z"}
{"level":"info","message":"Database connected successfully","timestamp":"2018-10-24T08:43:33.839Z"}
{"level":"info","message":"Database sync successfully","timestamp":"2018-10-24T08:43:33.856Z"}
{"level":"info","message":"Executing (default): SELECT `id`, `email`, `password`, `status`, `created_at`, `updated_at` FROM `users` AS `user` WHERE `user`.`user_type` = 'super_admin' LIMIT 1;","timestamp":"2018-10-24T08:43:33.861Z"}
{"level":"info","message":"Executing (default): INSERT INTO `users` (`id`,`email`,`password`,`status`,`created_at`,`updated_at`) VALUES (DEFAULT,'admin@domain.com','$2a$10$7067DZl/b80oyONVu9PtQe3dg5hhBbQzwtAqQJM7wJaFzR/xjV1b6','active','2018-10-24 08:43:33','2018-10-24 08:43:33');","timestamp":"2018-10-24T08:43:33.871Z"}
{"level":"info","message":"Executing (default): SELECT `id`, `email`, `password`, `status`, `created_at`, `updated_at` FROM `users` AS `user` WHERE `user`.`email` = 'customer@codiant.com' AND `user`.`status` = 'active' LIMIT 1;","timestamp":"2018-10-24T08:43:37.350Z"}
{"level":"info","message":"Executing (default): SELECT 1+1 AS result","timestamp":"2018-10-24T08:59:38.861Z"}
{"level":"info","message":"Database connected successfully","timestamp":"2018-10-24T08:59:38.865Z"}
{"level":"info","message":"Database sync successfully","timestamp":"2018-10-24T08:59:38.870Z"}
{"level":"info","message":"Executing (default): SELECT `id`, `email`, `password`, `status`, `created_at`, `updated_at` FROM `users` AS `user` WHERE `user`.`user_type` = 'super_admin' LIMIT 1;","timestamp":"2018-10-24T08:59:38.870Z"}
{"level":"info","message":"Executing (default): INSERT INTO `users` (`id`,`email`,`password`,`status`,`created_at`,`updated_at`) VALUES (DEFAULT,'admin@domain.com','$2a$10$7067DZl/b80oyONVu9PtQe3dg5hhBbQzwtAqQJM7wJaFzR/xjV1b6','active','2018-10-24 08:59:38','2018-10-24 08:59:38');","timestamp":"2018-10-24T08:59:38.886Z"}
{"level":"info","message":"Executing (default): SELECT `id`, `email`, `password`, `status`, `created_at`, `updated_at` FROM `users` AS `user` WHERE `user`.`email` = 'customer@codiant.com' AND `user`.`status` = 'active' LIMIT 1;","timestamp":"2018-10-24T08:59:50.402Z"}
{"level":"info","message":"Executing (default): SELECT 1+1 AS result","timestamp":"2018-10-24T09:01:32.825Z"}
{"level":"info","message":"Database connected successfully","timestamp":"2018-10-24T09:01:32.830Z"}
{"level":"info","message":"Database sync successfully","timestamp":"2018-10-24T09:01:32.848Z"}
{"level":"info","message":"Executing (default): SELECT `id`, `email`, `password`, `status`, `created_at`, `updated_at` FROM `users` AS `user` WHERE `user`.`user_type` = 'super_admin' LIMIT 1;","timestamp":"2018-10-24T09:01:32.855Z"}
{"level":"info","message":"Executing (default): INSERT INTO `users` (`id`,`email`,`password`,`status`,`created_at`,`updated_at`) VALUES (DEFAULT,'admin@domain.com','$2a$10$7067DZl/b80oyONVu9PtQe3dg5hhBbQzwtAqQJM7wJaFzR/xjV1b6','active','2018-10-24 09:01:32','2018-10-24 09:01:32');","timestamp":"2018-10-24T09:01:32.864Z"}
{"level":"info","message":"Executing (default): SELECT `id`, `email`, `password`, `status`, `created_at`, `updated_at` FROM `users` AS `user` WHERE `user`.`email` = 'customer@codiant.com' AND `user`.`status` = 'active' LIMIT 1;","timestamp":"2018-10-24T09:38:55.881Z"}
{"level":"info","message":"Executing (default): SELECT `id`, `email`, `password`, `status`, `created_at`, `updated_at` FROM `users` AS `user` WHERE `user`.`email` = 'customer@codiant.com' AND `user`.`status` = 'active' LIMIT 1;","timestamp":"2018-10-24T09:39:06.663Z"}
{"level":"info","message":"Executing (default): SELECT `id`, `email`, `password`, `status`, `created_at`, `updated_at` FROM `users` AS `user` WHERE `user`.`email` = 'customer@codiant.com' AND `user`.`status` = 'active' LIMIT 1;","timestamp":"2018-10-24T09:40:03.547Z"}
{"level":"info","message":"Executing (default): SELECT `id`, `email`, `password`, `status`, `created_at`, `updated_at` FROM `users` AS `user` WHERE `user`.`email` = 'customer@codiant.com' AND `user`.`status` = 'active' LIMIT 1;","timestamp":"2018-10-24T11:11:25.961Z"}
{"level":"info","message":"Executing (default): SELECT `id`, `email`, `password`, `status`, `created_at`, `updated_at` FROM `users` AS `user` WHERE `user`.`email` = 'customer@codiant.com' AND `user`.`status` = 'active' LIMIT 1;","timestamp":"2018-10-24T11:14:46.379Z"}
{"level":"info","message":"Executing (default): SELECT 1+1 AS result","timestamp":"2018-10-24T11:19:08.656Z"}
{"level":"info","message":"Database connected successfully","timestamp":"2018-10-24T11:19:08.675Z"}
{"level":"info","message":"Database sync successfully","timestamp":"2018-10-24T11:19:08.834Z"}
{"level":"info","message":"Executing (default): SELECT `id`, `email`, `password`, `status`, `created_at`, `updated_at` FROM `users` AS `user` WHERE `user`.`user_type` = 'super_admin' LIMIT 1;","timestamp":"2018-10-24T11:19:08.839Z"}
{"level":"info","message":"Executing (default): INSERT INTO `users` (`id`,`email`,`password`,`status`,`created_at`,`updated_at`) VALUES (DEFAULT,'admin@domain.com','$2a$10$7067DZl/b80oyONVu9PtQe3dg5hhBbQzwtAqQJM7wJaFzR/xjV1b6','active','2018-10-24 11:19:08','2018-10-24 11:19:08');","timestamp":"2018-10-24T11:19:08.848Z"}
{"level":"info","message":"Executing (default): SELECT 1+1 AS result","timestamp":"2018-10-24T11:19:15.657Z"}
{"level":"info","message":"Executing (default): SELECT `id`, `email`, `password`, `status`, `created_at`, `updated_at` FROM `users` AS `user` WHERE `user`.`email` = 'customer@codiant.com' LIMIT 1;","timestamp":"2018-10-24T11:19:15.660Z"}
{"level":"info","message":"Database connected successfully","timestamp":"2018-10-24T11:19:15.661Z"}
{"level":"info","message":"Database sync successfully","timestamp":"2018-10-24T11:19:15.694Z"}
{"level":"info","message":"Executing (default): SELECT `id`, `email`, `password`, `status`, `created_at`, `updated_at` FROM `users` AS `user` WHERE `user`.`user_type` = 'super_admin' LIMIT 1;","timestamp":"2018-10-24T11:19:15.695Z"}
{"level":"info","message":"Executing (default): INSERT INTO `users` (`id`,`email`,`password`,`status`,`created_at`,`updated_at`) VALUES (DEFAULT,'admin@domain.com','$2a$10$7067DZl/b80oyONVu9PtQe3dg5hhBbQzwtAqQJM7wJaFzR/xjV1b6','active','2018-10-24 11:19:15','2018-10-24 11:19:15');","timestamp":"2018-10-24T11:19:15.704Z"}
{"level":"info","message":"Executing (default): SELECT `id`, `email`, `password`, `status`, `created_at`, `updated_at` FROM `users` AS `user` WHERE `user`.`email` = 'customer@codiant.com' LIMIT 1;","timestamp":"2018-10-24T11:22:16.605Z"}
{"level":"info","message":"Executing (default): SELECT `id`, `email`, `password`, `status`, `created_at`, `updated_at` FROM `users` AS `user` WHERE `user`.`email` = 'customer@codiant.com' LIMIT 1;","timestamp":"2018-10-24T11:22:16.606Z"}
{"level":"info","message":"Executing (default): SELECT 1+1 AS result","timestamp":"2018-10-24T11:22:20.467Z"}
{"level":"info","message":"Database connected successfully","timestamp":"2018-10-24T11:22:20.470Z"}
{"level":"info","message":"Database sync successfully","timestamp":"2018-10-24T11:22:20.484Z"}
{"level":"info","message":"Executing (default): SELECT `id`, `email`, `password`, `status`, `created_at`, `updated_at` FROM `users` AS `user` WHERE `user`.`user_type` = 'super_admin' LIMIT 1;","timestamp":"2018-10-24T11:22:20.488Z"}
{"level":"info","message":"Executing (default): INSERT INTO `users` (`id`,`email`,`password`,`status`,`created_at`,`updated_at`) VALUES (DEFAULT,'admin@domain.com','$2a$10$7067DZl/b80oyONVu9PtQe3dg5hhBbQzwtAqQJM7wJaFzR/xjV1b6','active','2018-10-24 11:22:20','2018-10-24 11:22:20');","timestamp":"2018-10-24T11:22:20.496Z"}
{"level":"info","message":"Executing (default): SELECT 1+1 AS result","timestamp":"2018-10-24T11:23:44.713Z"}
{"level":"info","message":"Database connected successfully","timestamp":"2018-10-24T11:23:44.716Z"}
{"level":"info","message":"Database sync successfully","timestamp":"2018-10-24T11:23:44.733Z"}
{"level":"info","message":"Executing (default): SELECT `id`, `email`, `password`, `status`, `created_at`, `updated_at` FROM `users` AS `user` WHERE `user`.`user_type` = 'super_admin' LIMIT 1;","timestamp":"2018-10-24T11:23:44.739Z"}
{"level":"info","message":"Executing (default): INSERT INTO `users` (`id`,`email`,`password`,`status`,`created_at`,`updated_at`) VALUES (DEFAULT,'admin@domain.com','$2a$10$7067DZl/b80oyONVu9PtQe3dg5hhBbQzwtAqQJM7wJaFzR/xjV1b6','active','2018-10-24 11:23:44','2018-10-24 11:23:44');","timestamp":"2018-10-24T11:23:44.746Z"}
{"level":"info","message":"Executing (default): SELECT 1+1 AS result","timestamp":"2018-10-24T11:24:50.454Z"}
{"level":"info","message":"Database connected successfully","timestamp":"2018-10-24T11:24:50.459Z"}
{"level":"info","message":"Database sync successfully","timestamp":"2018-10-24T11:24:50.471Z"}
{"level":"info","message":"Executing (default): SELECT `id`, `email`, `password`, `status`, `created_at`, `updated_at` FROM `users` AS `user` WHERE `user`.`user_type` = 'super_admin' LIMIT 1;","timestamp":"2018-10-24T11:24:50.477Z"}
{"level":"info","message":"Executing (default): INSERT INTO `users` (`id`,`email`,`password`,`status`,`created_at`,`updated_at`) VALUES (DEFAULT,'admin@domain.com','$2a$10$7067DZl/b80oyONVu9PtQe3dg5hhBbQzwtAqQJM7wJaFzR/xjV1b6','active','2018-10-24 11:24:50','2018-10-24 11:24:50');","timestamp":"2018-10-24T11:24:50.484Z"}
{"level":"info","message":"Executing (default): SELECT `id`, `email`, `password`, `status`, `created_at`, `updated_at` FROM `users` AS `user` WHERE `user`.`email` = 'customer@codiant.com' LIMIT 1;","timestamp":"2018-10-24T11:24:55.552Z"}
{"level":"info","message":"Executing (default): SELECT `id`, `email`, `password`, `status`, `created_at`, `updated_at` FROM `users` AS `user` WHERE `user`.`email` = 'customer@codiant.com' LIMIT 1;","timestamp":"2018-10-24T11:26:11.726Z"}
{"level":"info","message":"Executing (default): SELECT 1+1 AS result","timestamp":"2018-10-24T11:26:49.641Z"}
{"level":"info","message":"Database connected successfully","timestamp":"2018-10-24T11:26:49.646Z"}
{"level":"info","message":"Database sync successfully","timestamp":"2018-10-24T11:26:49.663Z"}
{"level":"info","message":"Executing (default): SELECT `id`, `email`, `password`, `status`, `created_at`, `updated_at` FROM `users` AS `user` WHERE `user`.`user_type` = 'super_admin' LIMIT 1;","timestamp":"2018-10-24T11:26:49.669Z"}
{"level":"info","message":"Executing (default): INSERT INTO `users` (`id`,`email`,`password`,`status`,`created_at`,`updated_at`) VALUES (DEFAULT,'admin@domain.com','$2a$10$7067DZl/b80oyONVu9PtQe3dg5hhBbQzwtAqQJM7wJaFzR/xjV1b6','active','2018-10-24 11:26:49','2018-10-24 11:26:49');","timestamp":"2018-10-24T11:26:49.676Z"}
{"level":"info","message":"Executing (default): SELECT 1+1 AS result","timestamp":"2018-10-24T11:26:55.183Z"}
{"level":"info","message":"Database connected successfully","timestamp":"2018-10-24T11:26:55.188Z"}
{"level":"info","message":"Database sync successfully","timestamp":"2018-10-24T11:26:55.202Z"}
{"level":"info","message":"Executing (default): SELECT `id`, `email`, `password`, `status`, `created_at`, `updated_at` FROM `users` AS `user` WHERE `user`.`user_type` = 'super_admin' LIMIT 1;","timestamp":"2018-10-24T11:26:55.206Z"}
{"level":"info","message":"Executing (default): INSERT INTO `users` (`id`,`email`,`password`,`status`,`created_at`,`updated_at`) VALUES (DEFAULT,'admin@domain.com','$2a$10$7067DZl/b80oyONVu9PtQe3dg5hhBbQzwtAqQJM7wJaFzR/xjV1b6','active','2018-10-24 11:26:55','2018-10-24 11:26:55');","timestamp":"2018-10-24T11:26:55.214Z"}
{"level":"info","message":"Executing (default): SELECT `id`, `email`, `password`, `status`, `created_at`, `updated_at` FROM `users` AS `user` WHERE `user`.`email` = 'customer@codiant.com' LIMIT 1;","timestamp":"2018-10-24T11:27:02.742Z"}
{"level":"info","message":"Executing (default): SELECT 1+1 AS result","timestamp":"2018-10-24T11:28:16.907Z"}
{"level":"info","message":"Database connected successfully","timestamp":"2018-10-24T11:28:16.910Z"}
{"level":"info","message":"Database sync successfully","timestamp":"2018-10-24T11:28:17.811Z"}
{"level":"info","message":"Executing (default): SELECT `id`, `email`, `password`, `status`, `created_at`, `updated_at` FROM `users` AS `user` WHERE `user`.`user_type` = 'super_admin' LIMIT 1;","timestamp":"2018-10-24T11:28:17.816Z"}
{"level":"info","message":"Executing (default): SELECT 1+1 AS result","timestamp":"2018-10-24T11:28:45.163Z"}
{"level":"info","message":"Database connected successfully","timestamp":"2018-10-24T11:28:45.167Z"}
{"level":"info","message":"Database sync successfully","timestamp":"2018-10-24T11:28:45.179Z"}
{"level":"info","message":"Executing (default): SELECT `id`, `email`, `password`, `status`, `created_at`, `updated_at` FROM `users` AS `user` WHERE `user`.`user_type` = 'super_admin' LIMIT 1;","timestamp":"2018-10-24T11:28:45.184Z"}
{"level":"info","message":"Executing (default): SELECT 1+1 AS result","timestamp":"2018-10-24T11:30:43.628Z"}
{"level":"info","message":"Database connected successfully","timestamp":"2018-10-24T11:30:43.632Z"}
{"level":"info","message":"Database sync successfully","timestamp":"2018-10-24T11:30:44.470Z"}
{"level":"info","message":"Executing (default): SELECT `id`, `email`, `password`, `verify_token`, `user_type`, `status`, `can_user_login`, `created_at`, `updated_at` FROM `users` AS `user` WHERE `user`.`user_type` = 'super_admin' LIMIT 1;","timestamp":"2018-10-24T11:30:44.475Z"}
{"level":"info","message":"Executing (default): INSERT INTO `users` (`id`,`email`,`password`,`user_type`,`status`,`can_user_login`,`created_at`,`updated_at`) VALUES (DEFAULT,'admin@domain.com','$2a$10$7067DZl/b80oyONVu9PtQe3dg5hhBbQzwtAqQJM7wJaFzR/xjV1b6','super_admin','active',true,'2018-10-24 11:30:44','2018-10-24 11:30:44');","timestamp":"2018-10-24T11:30:44.485Z"}
{"level":"info","message":"Executing (default): SELECT `id`, `email`, `password`, `verify_token`, `user_type`, `status`, `can_user_login`, `created_at`, `updated_at` FROM `users` AS `user` WHERE `user`.`email` = 'customer@codiant.com' LIMIT 1;","timestamp":"2018-10-24T11:31:14.804Z"}
{"level":"info","message":"Executing (default): SELECT `id`, `email`, `password`, `verify_token`, `user_type`, `status`, `can_user_login`, `created_at`, `updated_at` FROM `users` AS `user` WHERE `user`.`email` = 'customer@codiant.com' LIMIT 1;","timestamp":"2018-10-24T11:32:10.500Z"}
{"level":"info","message":"Executing (default): SELECT `access_token`, `user_id` FROM `user_tokens` AS `user_token` WHERE `user_token`.`access_token` = '1540380731624_iOS1kfsTXU1QMvzT' LIMIT 1;","timestamp":"2018-10-24T11:32:11.625Z"}
{"level":"info","message":"Executing (default): INSERT INTO `user_tokens` (`id`,`access_token`,`created_at`,`updated_at`,`user_id`) VALUES (DEFAULT,'1540380731624_iOS1kfsTXU1QMvzT','2018-10-24 11:32:11','2018-10-24 11:32:11',2);","timestamp":"2018-10-24T11:32:11.631Z"}
{"level":"info","message":"Executing (default): SELECT `id`, `email`, `password`, `verify_token`, `user_type`, `status`, `can_user_login`, `created_at`, `updated_at` FROM `users` AS `user` WHERE `user`.`email` = 'customer@codiant.com' LIMIT 1;","timestamp":"2018-10-24T11:32:30.505Z"}
{"level":"info","message":"Executing (default): SELECT `access_token`, `user_id` FROM `user_tokens` AS `user_token` WHERE `user_token`.`access_token` = '1540380751614_TB55imKu8X2yYdAh' LIMIT 1;","timestamp":"2018-10-24T11:32:31.615Z"}
{"level":"info","message":"Executing (default): INSERT INTO `user_tokens` (`id`,`access_token`,`created_at`,`updated_at`,`user_id`) VALUES (DEFAULT,'1540380751614_TB55imKu8X2yYdAh','2018-10-24 11:32:31','2018-10-24 11:32:31',2);","timestamp":"2018-10-24T11:32:31.618Z"}
{"level":"info","message":"Executing (default): SELECT `id`, `email`, `password`, `verify_token`, `user_type`, `status`, `can_user_login`, `created_at`, `updated_at` FROM `users` AS `user` WHERE `user`.`email` = 'customer@codiant.com' LIMIT 1;","timestamp":"2018-10-24T11:33:05.434Z"}
{"level":"info","message":"Executing (default): SELECT `access_token`, `user_id` FROM `user_tokens` AS `user_token` WHERE `user_token`.`access_token` = '1540380786602_Oyt_rsMHlWrixnmn' LIMIT 1;","timestamp":"2018-10-24T11:33:06.607Z"}
{"level":"info","message":"Executing (default): INSERT INTO `user_tokens` (`id`,`access_token`,`created_at`,`updated_at`,`user_id`) VALUES (DEFAULT,'1540380786602_Oyt_rsMHlWrixnmn','2018-10-24 11:33:06','2018-10-24 11:33:06',2);","timestamp":"2018-10-24T11:33:06.611Z"}
{"level":"info","message":"Executing (default): SELECT 1+1 AS result","timestamp":"2018-10-24T11:34:35.677Z"}
{"level":"info","message":"Database connected successfully","timestamp":"2018-10-24T11:34:35.682Z"}
{"level":"info","message":"Database sync successfully","timestamp":"2018-10-24T11:34:35.697Z"}
{"level":"info","message":"Executing (default): SELECT `id`, `email`, `password`, `user_type`, `status`, `created_at`, `updated_at` FROM `users` AS `user` WHERE `user`.`user_type` = 'super_admin' LIMIT 1;","timestamp":"2018-10-24T11:34:35.703Z"}
{"level":"info","message":"Executing (default): INSERT INTO `users` (`id`,`email`,`password`,`user_type`,`status`,`created_at`,`updated_at`) VALUES (DEFAULT,'admin@domain.com','$2a$10$7067DZl/b80oyONVu9PtQe3dg5hhBbQzwtAqQJM7wJaFzR/xjV1b6','super_admin','active','2018-10-24 11:34:35','2018-10-24 11:34:35');","timestamp":"2018-10-24T11:34:35.713Z"}
{"level":"info","message":"Executing (default): SELECT 1+1 AS result","timestamp":"2018-10-24T11:34:44.495Z"}
{"level":"info","message":"Database connected successfully","timestamp":"2018-10-24T11:34:44.501Z"}
{"level":"info","message":"Database sync successfully","timestamp":"2018-10-24T11:34:44.518Z"}
{"level":"info","message":"Executing (default): SELECT `id`, `email`, `password`, `user_type`, `status`, `created_at`, `updated_at` FROM `users` AS `user` WHERE `user`.`user_type` = 'super_admin' LIMIT 1;","timestamp":"2018-10-24T11:34:44.522Z"}
{"level":"info","message":"Executing (default): INSERT INTO `users` (`id`,`email`,`password`,`user_type`,`status`,`created_at`,`updated_at`) VALUES (DEFAULT,'admin@domain.com','$2a$10$7067DZl/b80oyONVu9PtQe3dg5hhBbQzwtAqQJM7wJaFzR/xjV1b6','super_admin','active','2018-10-24 11:34:44','2018-10-24 11:34:44');","timestamp":"2018-10-24T11:34:44.530Z"}
{"level":"info","message":"Executing (default): SELECT `id`, `email`, `password`, `user_type`, `status`, `created_at`, `updated_at` FROM `users` AS `user` WHERE `user`.`email` = 'customer@codiant.com' LIMIT 1;","timestamp":"2018-10-24T11:35:00.489Z"}
{"level":"info","message":"Executing (default): SELECT `access_token`, `user_id` FROM `user_tokens` AS `user_token` WHERE `user_token`.`access_token` = '1540380901584_o5XfOe5fXNahkzLh' LIMIT 1;","timestamp":"2018-10-24T11:35:01.585Z"}
{"level":"info","message":"Executing (default): INSERT INTO `user_tokens` (`id`,`access_token`,`created_at`,`updated_at`,`user_id`) VALUES (DEFAULT,'1540380901584_o5XfOe5fXNahkzLh','2018-10-24 11:35:01','2018-10-24 11:35:01',2);","timestamp":"2018-10-24T11:35:01.588Z"}
{"level":"info","message":"Executing (default): SELECT 1+1 AS result","timestamp":"2018-10-24T11:37:18.426Z"}
{"level":"info","message":"Database connected successfully","timestamp":"2018-10-24T11:37:18.430Z"}
{"level":"info","message":"Database sync successfully","timestamp":"2018-10-24T11:37:18.443Z"}
{"level":"info","message":"Executing (default): SELECT `id`, `email`, `password`, `user_type`, `status`, `created_at`, `updated_at` FROM `users` AS `user` WHERE `user`.`user_type` = 'super_admin' LIMIT 1;","timestamp":"2018-10-24T11:37:18.448Z"}
{"level":"info","message":"Executing (default): INSERT INTO `users` (`id`,`email`,`password`,`user_type`,`status`,`created_at`,`updated_at`) VALUES (DEFAULT,'admin@domain.com','$2a$10$7067DZl/b80oyONVu9PtQe3dg5hhBbQzwtAqQJM7wJaFzR/xjV1b6','super_admin','active','2018-10-24 11:37:18','2018-10-24 11:37:18');","timestamp":"2018-10-24T11:37:18.456Z"}
{"level":"info","message":"Executing (default): SELECT `user`.`id`, `user`.`email`, `user`.`password`, `user`.`user_type`, `user`.`status`, `user`.`created_at`, `user`.`updated_at`, `user_token`.`id` AS `user_token.id`, `user_token`.`access_token` AS `user_token.access_token`, `user_token`.`device_id` AS `user_token.device_id`, `user_token`.`device_type` AS `user_token.device_type`, `user_token`.`created_at` AS `user_token.created_at`, `user_token`.`updated_at` AS `user_token.updated_at`, `user_token`.`user_id` AS `user_token.user_id` FROM `users` AS `user` LEFT OUTER JOIN `user_tokens` AS `user_token` ON `user`.`id` = `user_token`.`user_id` WHERE `user`.`email` = 'customer@codiant.com' LIMIT 1;","timestamp":"2018-10-24T11:37:18.857Z"}
{"level":"info","message":"Executing (default): SELECT `access_token`, `user_id` FROM `user_tokens` AS `user_token` WHERE `user_token`.`access_token` = '1540381039983_V4mBSyDlaNCw3qcm' LIMIT 1;","timestamp":"2018-10-24T11:37:19.984Z"}
{"level":"info","message":"Executing (default): UPDATE `user_tokens` SET `access_token`='1540381039983_V4mBSyDlaNCw3qcm',`updated_at`='2018-10-24 11:37:19' WHERE `user_id` = 2","timestamp":"2018-10-24T11:37:19.993Z"}
{"level":"info","message":"Executing (default): SELECT `user_token`.`id`, `user_token`.`access_token`, `user_token`.`device_id`, `user_token`.`device_type`, `user_token`.`created_at`, `user_token`.`updated_at`, `user_token`.`user_id`, `user`.`id` AS `user.id`, `user`.`email` AS `user.email`, `user`.`password` AS `user.password`, `user`.`user_type` AS `user.user_type`, `user`.`status` AS `user.status`, `user`.`created_at` AS `user.created_at`, `user`.`updated_at` AS `user.updated_at` FROM `user_tokens` AS `user_token` INNER JOIN `users` AS `user` ON `user_token`.`user_id` = `user`.`id` AND `user`.`user_type` = 'admin' AND `user`.`status` = 'active' WHERE `user_token`.`access_token` = '1540381039983_V4mBSyDlaNCw3qcm' LIMIT 1;","timestamp":"2018-10-24T11:37:37.149Z"}
{"level":"info","message":"Executing (default): SELECT `user_token`.`id`, `user_token`.`access_token`, `user_token`.`device_id`, `user_token`.`device_type`, `user_token`.`created_at`, `user_token`.`updated_at`, `user_token`.`user_id`, `user`.`id` AS `user.id`, `user`.`email` AS `user.email`, `user`.`password` AS `user.password`, `user`.`user_type` AS `user.user_type`, `user`.`status` AS `user.status`, `user`.`created_at` AS `user.created_at`, `user`.`updated_at` AS `user.updated_at` FROM `user_tokens` AS `user_token` INNER JOIN `users` AS `user` ON `user_token`.`user_id` = `user`.`id` AND `user`.`user_type` = 'admin' AND `user`.`status` = 'active' WHERE `user_token`.`access_token` = '1540381039983_V4mBSyDlaNCw3qcm' LIMIT 1;","timestamp":"2018-10-24T11:38:54.277Z"}
{"level":"info","message":"Executing (default): SELECT 1+1 AS result","timestamp":"2018-10-24T11:39:55.520Z"}
{"level":"info","message":"Executing (default): SELECT `user_token`.`id`, `user_token`.`access_token`, `user_token`.`device_id`, `user_token`.`device_type`, `user_token`.`created_at`, `user_token`.`updated_at`, `user_token`.`user_id`, `user`.`id` AS `user.id`, `user`.`email` AS `user.email`, `user`.`password` AS `user.password`, `user`.`user_type` AS `user.user_type`, `user`.`status` AS `user.status`, `user`.`created_at` AS `user.created_at`, `user`.`updated_at` AS `user.updated_at` FROM `user_tokens` AS `user_token` INNER JOIN `users` AS `user` ON `user_token`.`user_id` = `user`.`id` AND `user`.`user_type` = 'admin' AND `user`.`status` = 'active' WHERE `user_token`.`access_token` = '1540381039983_V4mBSyDlaNCw3qcm' LIMIT 1;","timestamp":"2018-10-24T11:39:55.523Z"}
{"level":"info","message":"Database connected successfully","timestamp":"2018-10-24T11:39:55.526Z"}
{"level":"info","message":"Database sync successfully","timestamp":"2018-10-24T11:39:55.562Z"}
{"level":"info","message":"Executing (default): SELECT `id`, `email`, `password`, `user_type`, `status`, `created_at`, `updated_at` FROM `users` AS `user` WHERE `user`.`user_type` = 'super_admin' LIMIT 1;","timestamp":"2018-10-24T11:39:55.563Z"}
{"level":"info","message":"Executing (default): INSERT INTO `users` (`id`,`email`,`password`,`user_type`,`status`,`created_at`,`updated_at`) VALUES (DEFAULT,'admin@domain.com','$2a$10$7067DZl/b80oyONVu9PtQe3dg5hhBbQzwtAqQJM7wJaFzR/xjV1b6','super_admin','active','2018-10-24 11:39:55','2018-10-24 11:39:55');","timestamp":"2018-10-24T11:39:55.572Z"}
{"level":"info","message":"Executing (default): SELECT 1+1 AS result","timestamp":"2018-10-24T11:40:37.949Z"}
{"level":"info","message":"Database connected successfully","timestamp":"2018-10-24T11:40:37.952Z"}
{"level":"info","message":"Database sync successfully","timestamp":"2018-10-24T11:40:37.966Z"}
{"level":"info","message":"Executing (default): SELECT `id`, `email`, `password`, `user_type`, `status`, `created_at`, `updated_at` FROM `users` AS `user` WHERE `user`.`user_type` = 'super_admin' LIMIT 1;","timestamp":"2018-10-24T11:40:37.970Z"}
{"level":"info","message":"Executing (default): INSERT INTO `users` (`id`,`email`,`password`,`user_type`,`status`,`created_at`,`updated_at`) VALUES (DEFAULT,'admin@domain.com','$2a$10$7067DZl/b80oyONVu9PtQe3dg5hhBbQzwtAqQJM7wJaFzR/xjV1b6','super_admin','active','2018-10-24 11:40:37','2018-10-24 11:40:37');","timestamp":"2018-10-24T11:40:37.979Z"}
{"level":"info","message":"Executing (default): SELECT 1+1 AS result","timestamp":"2018-10-24T11:40:49.898Z"}
{"level":"info","message":"Database connected successfully","timestamp":"2018-10-24T11:40:49.901Z"}
{"level":"info","message":"Database sync successfully","timestamp":"2018-10-24T11:40:49.919Z"}
{"level":"info","message":"Executing (default): SELECT `id`, `email`, `password`, `user_type`, `status`, `created_at`, `updated_at` FROM `users` AS `user` WHERE `user`.`user_type` = 'super_admin' LIMIT 1;","timestamp":"2018-10-24T11:40:49.924Z"}
{"level":"info","message":"Executing (default): INSERT INTO `users` (`id`,`email`,`password`,`user_type`,`status`,`created_at`,`updated_at`) VALUES (DEFAULT,'admin@domain.com','$2a$10$7067DZl/b80oyONVu9PtQe3dg5hhBbQzwtAqQJM7wJaFzR/xjV1b6','super_admin','active','2018-10-24 11:40:49','2018-10-24 11:40:49');","timestamp":"2018-10-24T11:40:49.936Z"}
{"level":"info","message":"Executing (default): SELECT `user_token`.`id`, `user_token`.`access_token`, `user_token`.`device_id`, `user_token`.`device_type`, `user_token`.`created_at`, `user_token`.`updated_at`, `user_token`.`user_id`, `user`.`id` AS `user.id`, `user`.`email` AS `user.email`, `user`.`password` AS `user.password`, `user`.`user_type` AS `user.user_type`, `user`.`status` AS `user.status`, `user`.`created_at` AS `user.created_at`, `user`.`updated_at` AS `user.updated_at` FROM `user_tokens` AS `user_token` INNER JOIN `users` AS `user` ON `user_token`.`user_id` = `user`.`id` AND `user`.`user_type` = 'admin' AND `user`.`status` = 'active' WHERE `user_token`.`access_token` = '1540381039983_V4mBSyDlaNCw3qcm' LIMIT 1;","timestamp":"2018-10-24T11:40:58.543Z"}
{"level":"info","message":"Executing (default): SELECT `user_token`.`id`, `user_token`.`access_token`, `user_token`.`device_id`, `user_token`.`device_type`, `user_token`.`created_at`, `user_token`.`updated_at`, `user_token`.`user_id`, `user`.`id` AS `user.id`, `user`.`email` AS `user.email`, `user`.`password` AS `user.password`, `user`.`user_type` AS `user.user_type`, `user`.`status` AS `user.status`, `user`.`created_at` AS `user.created_at`, `user`.`updated_at` AS `user.updated_at` FROM `user_tokens` AS `user_token` INNER JOIN `users` AS `user` ON `user_token`.`user_id` = `user`.`id` AND `user`.`user_type` = 'admin' AND `user`.`status` = 'active' WHERE `user_token`.`access_token` = '1540381039983_V4mBSyDlaNCw3qcm' LIMIT 1;","timestamp":"2018-10-24T11:41:05.558Z"}
{"level":"info","message":"Executing (default): SELECT 1+1 AS result","timestamp":"2018-10-24T11:42:26.424Z"}
{"level":"info","message":"Database connected successfully","timestamp":"2018-10-24T11:42:26.428Z"}
{"level":"info","message":"Database sync successfully","timestamp":"2018-10-24T11:42:26.446Z"}
{"level":"info","message":"Executing (default): SELECT `id`, `email`, `password`, `user_type`, `status`, `created_at`, `updated_at` FROM `users` AS `user` WHERE `user`.`user_type` = 'super_admin' LIMIT 1;","timestamp":"2018-10-24T11:42:26.454Z"}
{"level":"info","message":"Executing (default): INSERT INTO `users` (`id`,`email`,`password`,`user_type`,`status`,`created_at`,`updated_at`) VALUES (DEFAULT,'admin@domain.com','$2a$10$7067DZl/b80oyONVu9PtQe3dg5hhBbQzwtAqQJM7wJaFzR/xjV1b6','super_admin','active','2018-10-24 11:42:26','2018-10-24 11:42:26');","timestamp":"2018-10-24T11:42:26.464Z"}
{"level":"info","message":"Executing (default): SELECT `user_token`.`id`, `user_token`.`access_token`, `user_token`.`device_id`, `user_token`.`device_type`, `user_token`.`created_at`, `user_token`.`updated_at`, `user_token`.`user_id`, `user`.`id` AS `user.id`, `user`.`email` AS `user.email`, `user`.`password` AS `user.password`, `user`.`user_type` AS `user.user_type`, `user`.`status` AS `user.status`, `user`.`created_at` AS `user.created_at`, `user`.`updated_at` AS `user.updated_at` FROM `user_tokens` AS `user_token` INNER JOIN `users` AS `user` ON `user_token`.`user_id` = `user`.`id` AND `user`.`status` = 'active' WHERE `user_token`.`access_token` = '1540381039983_V4mBSyDlaNCw3qcm' LIMIT 1;","timestamp":"2018-10-24T12:10:25.046Z"}
{"level":"info","message":"Executing (default): SELECT 1+1 AS result","timestamp":"2018-10-24T12:12:24.004Z"}
{"level":"info","message":"Database connected successfully","timestamp":"2018-10-24T12:12:24.007Z"}
{"level":"info","message":"Database sync successfully","timestamp":"2018-10-24T12:12:24.296Z"}
{"level":"info","message":"Executing (default): SELECT `id`, `email`, `password`, `user_type`, `status`, `created_at`, `updated_at` FROM `users` AS `user` WHERE `user`.`user_type` = 'super_admin' LIMIT 1;","timestamp":"2018-10-24T12:12:24.301Z"}
{"level":"info","message":"Executing (default): INSERT INTO `users` (`id`,`email`,`password`,`user_type`,`status`,`created_at`,`updated_at`) VALUES (DEFAULT,'admin@domain.com','$2a$10$7067DZl/b80oyONVu9PtQe3dg5hhBbQzwtAqQJM7wJaFzR/xjV1b6','super_admin','active','2018-10-24 12:12:24','2018-10-24 12:12:24');","timestamp":"2018-10-24T12:12:24.308Z"}
{"level":"info","message":"Executing (default): SELECT 1+1 AS result","timestamp":"2018-10-24T12:47:35.907Z"}
{"level":"info","message":"Database connected successfully","timestamp":"2018-10-24T12:47:35.912Z"}
{"level":"info","message":"Database sync successfully","timestamp":"2018-10-24T12:47:35.928Z"}
{"level":"info","message":"Executing (default): SELECT `id`, `email`, `password`, `user_type`, `status`, `created_at`, `updated_at` FROM `users` AS `user` WHERE `user`.`user_type` = 'super_admin' LIMIT 1;","timestamp":"2018-10-24T12:47:35.932Z"}
{"level":"info","message":"Executing (default): INSERT INTO `users` (`id`,`email`,`password`,`user_type`,`status`,`created_at`,`updated_at`) VALUES (DEFAULT,'admin@domain.com','$2a$10$7067DZl/b80oyONVu9PtQe3dg5hhBbQzwtAqQJM7wJaFzR/xjV1b6','super_admin','active','2018-10-24 12:47:35','2018-10-24 12:47:35');","timestamp":"2018-10-24T12:47:35.941Z"}
{"level":"info","message":"Executing (default): SELECT 1+1 AS result","timestamp":"2018-10-24T13:08:52.936Z"}
{"level":"info","message":"Database connected successfully","timestamp":"2018-10-24T13:08:52.939Z"}
{"level":"info","message":"Database sync successfully","timestamp":"2018-10-24T13:08:52.953Z"}
{"level":"info","message":"Executing (default): SELECT `id`, `email`, `password`, `user_type`, `status`, `created_at`, `updated_at` FROM `users` AS `user` WHERE `user`.`user_type` = 'super_admin' LIMIT 1;","timestamp":"2018-10-24T13:08:52.958Z"}
{"level":"info","message":"Executing (default): INSERT INTO `users` (`id`,`email`,`password`,`user_type`,`status`,`created_at`,`updated_at`) VALUES (DEFAULT,'admin@domain.com','$2a$10$7067DZl/b80oyONVu9PtQe3dg5hhBbQzwtAqQJM7wJaFzR/xjV1b6','super_admin','active','2018-10-24 13:08:52','2018-10-24 13:08:52');","timestamp":"2018-10-24T13:08:52.966Z"}
